[5.758s] DEBUG:colcon:Command line arguments: ['/usr/bin/colcon', 'build']
[5.759s] DEBUG:colcon:Parsed command line arguments: Namespace(allow_overriding=[], ament_cmake_args=None, base_paths=['.'], build_base='build', catkin_cmake_args=None, catkin_skip_building_tests=False, cmake_args=None, cmake_clean_cache=False, cmake_clean_first=False, cmake_force_configure=False, cmake_target=None, cmake_target_skip_unavailable=False, continue_on_error=False, event_handlers=None, executor='parallel', ignore_user_meta=False, install_base='install', log_base=None, log_level=None, main=<bound method BuildVerb.main of <colcon_core.verb.build.BuildVerb object at 0xffffbb2a3430>>, merge_install=False, metas=['./colcon.meta'], packages_above=None, packages_above_and_dependencies=None, packages_above_depth=None, packages_end=None, packages_ignore=None, packages_ignore_regex=None, packages_select=None, packages_select_build_failed=False, packages_select_by_dep=None, packages_select_regex=None, packages_select_test_failures=False, packages_skip=None, packages_skip_build_finished=False, packages_skip_by_dep=None, packages_skip_regex=None, packages_skip_test_passed=False, packages_skip_up_to=None, packages_start=None, packages_up_to=None, packages_up_to_regex=None, parallel_workers=6, paths=None, symlink_install=False, test_result_base=None, verb_extension=<colcon_core.verb.build.BuildVerb object at 0xffffbb2a3430>, verb_name='build', verb_parser=<colcon_defaults.argument_parser.defaults.DefaultArgumentsDecorator object at 0xffffbac42460>)
[6.024s] Level 1:colcon.colcon_core.package_discovery:discover_packages(colcon_meta) check parameters
[6.024s] Level 1:colcon.colcon_core.package_discovery:discover_packages(recursive) check parameters
[6.024s] Level 1:colcon.colcon_core.package_discovery:discover_packages(ignore) check parameters
[6.024s] Level 1:colcon.colcon_core.package_discovery:discover_packages(path) check parameters
[6.025s] Level 1:colcon.colcon_core.package_discovery:discover_packages(colcon_meta) discover
[6.025s] Level 1:colcon.colcon_core.package_discovery:discover_packages(recursive) discover
[6.025s] INFO:colcon.colcon_core.package_discovery:Crawling recursively for packages in '/src/ros2_ws'
[6.025s] Level 1:colcon.colcon_core.package_identification:_identify(.) by extensions ['ignore', 'ignore_ament_install']
[6.025s] Level 1:colcon.colcon_core.package_identification:_identify(.) by extension 'ignore'
[6.025s] Level 1:colcon.colcon_core.package_identification:_identify(.) by extension 'ignore_ament_install'
[6.026s] Level 1:colcon.colcon_core.package_identification:_identify(.) by extensions ['colcon_pkg']
[6.026s] Level 1:colcon.colcon_core.package_identification:_identify(.) by extension 'colcon_pkg'
[6.026s] Level 1:colcon.colcon_core.package_identification:_identify(.) by extensions ['colcon_meta']
[6.026s] Level 1:colcon.colcon_core.package_identification:_identify(.) by extension 'colcon_meta'
[6.026s] Level 1:colcon.colcon_core.package_identification:_identify(.) by extensions ['ros']
[6.026s] Level 1:colcon.colcon_core.package_identification:_identify(.) by extension 'ros'
[6.056s] Level 1:colcon.colcon_core.package_identification:_identify(.) by extensions ['cmake', 'python']
[6.056s] Level 1:colcon.colcon_core.package_identification:_identify(.) by extension 'cmake'
[6.056s] Level 1:colcon.colcon_core.package_identification:_identify(.) by extension 'python'
[6.056s] Level 1:colcon.colcon_core.package_identification:_identify(.) by extensions ['python_setup_py']
[6.056s] Level 1:colcon.colcon_core.package_identification:_identify(.) by extension 'python_setup_py'
[6.057s] Level 1:colcon.colcon_core.package_identification:_identify(build) by extensions ['ignore', 'ignore_ament_install']
[6.057s] Level 1:colcon.colcon_core.package_identification:_identify(build) by extension 'ignore'
[6.057s] Level 1:colcon.colcon_core.package_identification:_identify(build) ignored
[6.057s] Level 1:colcon.colcon_core.package_identification:_identify(install) by extensions ['ignore', 'ignore_ament_install']
[6.057s] Level 1:colcon.colcon_core.package_identification:_identify(install) by extension 'ignore'
[6.058s] Level 1:colcon.colcon_core.package_identification:_identify(install) ignored
[6.058s] Level 1:colcon.colcon_core.package_identification:_identify(log) by extensions ['ignore', 'ignore_ament_install']
[6.058s] Level 1:colcon.colcon_core.package_identification:_identify(log) by extension 'ignore'
[6.058s] Level 1:colcon.colcon_core.package_identification:_identify(log) ignored
[6.058s] Level 1:colcon.colcon_core.package_identification:_identify(src) by extensions ['ignore', 'ignore_ament_install']
[6.058s] Level 1:colcon.colcon_core.package_identification:_identify(src) by extension 'ignore'
[6.059s] Level 1:colcon.colcon_core.package_identification:_identify(src) by extension 'ignore_ament_install'
[6.059s] Level 1:colcon.colcon_core.package_identification:_identify(src) by extensions ['colcon_pkg']
[6.059s] Level 1:colcon.colcon_core.package_identification:_identify(src) by extension 'colcon_pkg'
[6.059s] Level 1:colcon.colcon_core.package_identification:_identify(src) by extensions ['colcon_meta']
[6.059s] Level 1:colcon.colcon_core.package_identification:_identify(src) by extension 'colcon_meta'
[6.059s] Level 1:colcon.colcon_core.package_identification:_identify(src) by extensions ['ros']
[6.059s] Level 1:colcon.colcon_core.package_identification:_identify(src) by extension 'ros'
[6.059s] Level 1:colcon.colcon_core.package_identification:_identify(src) by extensions ['cmake', 'python']
[6.059s] Level 1:colcon.colcon_core.package_identification:_identify(src) by extension 'cmake'
[6.059s] Level 1:colcon.colcon_core.package_identification:_identify(src) by extension 'python'
[6.060s] Level 1:colcon.colcon_core.package_identification:_identify(src) by extensions ['python_setup_py']
[6.060s] Level 1:colcon.colcon_core.package_identification:_identify(src) by extension 'python_setup_py'
[6.060s] Level 1:colcon.colcon_core.package_identification:_identify(src/imu_publisher) by extensions ['ignore', 'ignore_ament_install']
[6.060s] Level 1:colcon.colcon_core.package_identification:_identify(src/imu_publisher) by extension 'ignore'
[6.060s] Level 1:colcon.colcon_core.package_identification:_identify(src/imu_publisher) by extension 'ignore_ament_install'
[6.060s] Level 1:colcon.colcon_core.package_identification:_identify(src/imu_publisher) by extensions ['colcon_pkg']
[6.060s] Level 1:colcon.colcon_core.package_identification:_identify(src/imu_publisher) by extension 'colcon_pkg'
[6.060s] Level 1:colcon.colcon_core.package_identification:_identify(src/imu_publisher) by extensions ['colcon_meta']
[6.060s] Level 1:colcon.colcon_core.package_identification:_identify(src/imu_publisher) by extension 'colcon_meta'
[6.061s] Level 1:colcon.colcon_core.package_identification:_identify(src/imu_publisher) by extensions ['ros']
[6.061s] Level 1:colcon.colcon_core.package_identification:_identify(src/imu_publisher) by extension 'ros'
[6.066s] DEBUG:colcon.colcon_core.package_identification:Package 'src/imu_publisher' with type 'ros.ament_python' and name 'imu_publisher'
[6.066s] Level 1:colcon.colcon_core.package_identification:_identify(src/pioneer_msgs) by extensions ['ignore', 'ignore_ament_install']
[6.066s] Level 1:colcon.colcon_core.package_identification:_identify(src/pioneer_msgs) by extension 'ignore'
[6.066s] Level 1:colcon.colcon_core.package_identification:_identify(src/pioneer_msgs) by extension 'ignore_ament_install'
[6.066s] Level 1:colcon.colcon_core.package_identification:_identify(src/pioneer_msgs) by extensions ['colcon_pkg']
[6.067s] Level 1:colcon.colcon_core.package_identification:_identify(src/pioneer_msgs) by extension 'colcon_pkg'
[6.067s] Level 1:colcon.colcon_core.package_identification:_identify(src/pioneer_msgs) by extensions ['colcon_meta']
[6.067s] Level 1:colcon.colcon_core.package_identification:_identify(src/pioneer_msgs) by extension 'colcon_meta'
[6.067s] Level 1:colcon.colcon_core.package_identification:_identify(src/pioneer_msgs) by extensions ['ros']
[6.067s] Level 1:colcon.colcon_core.package_identification:_identify(src/pioneer_msgs) by extension 'ros'
[6.068s] DEBUG:colcon.colcon_core.package_identification:Package 'src/pioneer_msgs' with type 'ros.ament_cmake' and name 'pioneer_msgs'
[6.069s] Level 1:colcon.colcon_core.package_identification:_identify(src/pixpubsub) by extensions ['ignore', 'ignore_ament_install']
[6.069s] Level 1:colcon.colcon_core.package_identification:_identify(src/pixpubsub) by extension 'ignore'
[6.069s] Level 1:colcon.colcon_core.package_identification:_identify(src/pixpubsub) by extension 'ignore_ament_install'
[6.069s] Level 1:colcon.colcon_core.package_identification:_identify(src/pixpubsub) by extensions ['colcon_pkg']
[6.069s] Level 1:colcon.colcon_core.package_identification:_identify(src/pixpubsub) by extension 'colcon_pkg'
[6.069s] Level 1:colcon.colcon_core.package_identification:_identify(src/pixpubsub) by extensions ['colcon_meta']
[6.069s] Level 1:colcon.colcon_core.package_identification:_identify(src/pixpubsub) by extension 'colcon_meta'
[6.069s] Level 1:colcon.colcon_core.package_identification:_identify(src/pixpubsub) by extensions ['ros']
[6.070s] Level 1:colcon.colcon_core.package_identification:_identify(src/pixpubsub) by extension 'ros'
[6.071s] DEBUG:colcon.colcon_core.package_identification:Package 'src/pixpubsub' with type 'ros.ament_python' and name 'pixpubsub'
[6.071s] Level 1:colcon.colcon_core.package_discovery:discover_packages(recursive) using defaults
[6.071s] Level 1:colcon.colcon_core.package_discovery:discover_packages(ignore) discover
[6.071s] Level 1:colcon.colcon_core.package_discovery:discover_packages(ignore) using defaults
[6.071s] Level 1:colcon.colcon_core.package_discovery:discover_packages(path) discover
[6.071s] Level 1:colcon.colcon_core.package_discovery:discover_packages(path) using defaults
[6.249s] Level 1:colcon.colcon_core.package_discovery:discover_packages(prefix_path) check parameters
[6.249s] Level 1:colcon.colcon_core.package_discovery:discover_packages(prefix_path) discover
[6.306s] DEBUG:colcon.colcon_installed_package_information.package_discovery:Found 3 installed packages in /src/ros2_ws/install
[6.335s] DEBUG:colcon.colcon_installed_package_information.package_discovery:Found 328 installed packages in /opt/ros/humble
[6.338s] Level 1:colcon.colcon_core.package_discovery:discover_packages(prefix_path) using defaults
[6.591s] Level 5:colcon.colcon_core.verb:set package 'imu_publisher' build argument 'cmake_args' from command line to 'None'
[6.591s] Level 5:colcon.colcon_core.verb:set package 'imu_publisher' build argument 'cmake_target' from command line to 'None'
[6.591s] Level 5:colcon.colcon_core.verb:set package 'imu_publisher' build argument 'cmake_target_skip_unavailable' from command line to 'False'
[6.591s] Level 5:colcon.colcon_core.verb:set package 'imu_publisher' build argument 'cmake_clean_cache' from command line to 'False'
[6.591s] Level 5:colcon.colcon_core.verb:set package 'imu_publisher' build argument 'cmake_clean_first' from command line to 'False'
[6.592s] Level 5:colcon.colcon_core.verb:set package 'imu_publisher' build argument 'cmake_force_configure' from command line to 'False'
[6.592s] Level 5:colcon.colcon_core.verb:set package 'imu_publisher' build argument 'ament_cmake_args' from command line to 'None'
[6.592s] Level 5:colcon.colcon_core.verb:set package 'imu_publisher' build argument 'catkin_cmake_args' from command line to 'None'
[6.592s] Level 5:colcon.colcon_core.verb:set package 'imu_publisher' build argument 'catkin_skip_building_tests' from command line to 'False'
[6.592s] DEBUG:colcon.colcon_core.verb:Building package 'imu_publisher' with the following arguments: {'ament_cmake_args': None, 'build_base': '/src/ros2_ws/build/imu_publisher', 'catkin_cmake_args': None, 'catkin_skip_building_tests': False, 'cmake_args': None, 'cmake_clean_cache': False, 'cmake_clean_first': False, 'cmake_force_configure': False, 'cmake_target': None, 'cmake_target_skip_unavailable': False, 'install_base': '/src/ros2_ws/install/imu_publisher', 'merge_install': False, 'path': '/src/ros2_ws/src/imu_publisher', 'symlink_install': False, 'test_result_base': None}
[6.619s] Level 5:colcon.colcon_core.verb:set package 'pioneer_msgs' build argument 'cmake_args' from command line to 'None'
[6.619s] Level 5:colcon.colcon_core.verb:set package 'pioneer_msgs' build argument 'cmake_target' from command line to 'None'
[6.619s] Level 5:colcon.colcon_core.verb:set package 'pioneer_msgs' build argument 'cmake_target_skip_unavailable' from command line to 'False'
[6.619s] Level 5:colcon.colcon_core.verb:set package 'pioneer_msgs' build argument 'cmake_clean_cache' from command line to 'False'
[6.620s] Level 5:colcon.colcon_core.verb:set package 'pioneer_msgs' build argument 'cmake_clean_first' from command line to 'False'
[6.620s] Level 5:colcon.colcon_core.verb:set package 'pioneer_msgs' build argument 'cmake_force_configure' from command line to 'False'
[6.620s] Level 5:colcon.colcon_core.verb:set package 'pioneer_msgs' build argument 'ament_cmake_args' from command line to 'None'
[6.620s] Level 5:colcon.colcon_core.verb:set package 'pioneer_msgs' build argument 'catkin_cmake_args' from command line to 'None'
[6.620s] Level 5:colcon.colcon_core.verb:set package 'pioneer_msgs' build argument 'catkin_skip_building_tests' from command line to 'False'
[6.620s] DEBUG:colcon.colcon_core.verb:Building package 'pioneer_msgs' with the following arguments: {'ament_cmake_args': None, 'build_base': '/src/ros2_ws/build/pioneer_msgs', 'catkin_cmake_args': None, 'catkin_skip_building_tests': False, 'cmake_args': None, 'cmake_clean_cache': False, 'cmake_clean_first': False, 'cmake_force_configure': False, 'cmake_target': None, 'cmake_target_skip_unavailable': False, 'install_base': '/src/ros2_ws/install/pioneer_msgs', 'merge_install': False, 'path': '/src/ros2_ws/src/pioneer_msgs', 'symlink_install': False, 'test_result_base': None}
[6.646s] Level 5:colcon.colcon_core.verb:set package 'pixpubsub' build argument 'cmake_args' from command line to 'None'
[6.646s] Level 5:colcon.colcon_core.verb:set package 'pixpubsub' build argument 'cmake_target' from command line to 'None'
[6.647s] Level 5:colcon.colcon_core.verb:set package 'pixpubsub' build argument 'cmake_target_skip_unavailable' from command line to 'False'
[6.647s] Level 5:colcon.colcon_core.verb:set package 'pixpubsub' build argument 'cmake_clean_cache' from command line to 'False'
[6.647s] Level 5:colcon.colcon_core.verb:set package 'pixpubsub' build argument 'cmake_clean_first' from command line to 'False'
[6.647s] Level 5:colcon.colcon_core.verb:set package 'pixpubsub' build argument 'cmake_force_configure' from command line to 'False'
[6.647s] Level 5:colcon.colcon_core.verb:set package 'pixpubsub' build argument 'ament_cmake_args' from command line to 'None'
[6.647s] Level 5:colcon.colcon_core.verb:set package 'pixpubsub' build argument 'catkin_cmake_args' from command line to 'None'
[6.647s] Level 5:colcon.colcon_core.verb:set package 'pixpubsub' build argument 'catkin_skip_building_tests' from command line to 'False'
[6.647s] DEBUG:colcon.colcon_core.verb:Building package 'pixpubsub' with the following arguments: {'ament_cmake_args': None, 'build_base': '/src/ros2_ws/build/pixpubsub', 'catkin_cmake_args': None, 'catkin_skip_building_tests': False, 'cmake_args': None, 'cmake_clean_cache': False, 'cmake_clean_first': False, 'cmake_force_configure': False, 'cmake_target': None, 'cmake_target_skip_unavailable': False, 'install_base': '/src/ros2_ws/install/pixpubsub', 'merge_install': False, 'path': '/src/ros2_ws/src/pixpubsub', 'symlink_install': False, 'test_result_base': None}
[6.673s] INFO:colcon.colcon_core.executor:Executing jobs using 'parallel' executor
[6.702s] DEBUG:colcon.colcon_parallel_executor.executor.parallel:run_until_complete
[6.702s] INFO:colcon.colcon_ros.task.ament_cmake.build:Building ROS package in '/src/ros2_ws/src/pioneer_msgs' with build type 'ament_cmake'
[6.703s] INFO:colcon.colcon_cmake.task.cmake.build:Building CMake package in '/src/ros2_ws/src/pioneer_msgs'
[6.734s] INFO:colcon.colcon_core.plugin_system:Skipping extension 'colcon_core.shell.bat': Not used on non-Windows systems
[6.734s] INFO:colcon.colcon_core.shell:Skip shell extension 'powershell' for command environment: Not usable outside of PowerShell
[6.735s] DEBUG:colcon.colcon_core.shell:Skip shell extension 'dsv' for command environment
[6.827s] INFO:colcon.colcon_ros.task.ament_python.build:Building ROS package in '/src/ros2_ws/src/imu_publisher' with build type 'ament_python'
[6.828s] Level 1:colcon.colcon_core.shell:create_environment_hook('imu_publisher', 'ament_prefix_path')
[6.908s] INFO:colcon.colcon_core.shell:Creating environment hook '/src/ros2_ws/install/imu_publisher/share/imu_publisher/hook/ament_prefix_path.ps1'
[6.909s] INFO:colcon.colcon_core.shell:Creating environment descriptor '/src/ros2_ws/install/imu_publisher/share/imu_publisher/hook/ament_prefix_path.dsv'
[6.910s] INFO:colcon.colcon_core.shell:Creating environment hook '/src/ros2_ws/install/imu_publisher/share/imu_publisher/hook/ament_prefix_path.sh'
[6.939s] INFO:colcon.colcon_core.shell:Skip shell extension 'powershell' for command environment: Not usable outside of PowerShell
[6.939s] DEBUG:colcon.colcon_core.shell:Skip shell extension 'dsv' for command environment
[7.045s] DEBUG:colcon.colcon_core.event_handler.log_command:Invoking command in '/src/ros2_ws/build/pioneer_msgs': CMAKE_PREFIX_PATH=${CMAKE_PREFIX_PATH}:/src/ros2_ws/install/pixpubsub:/src/ros2_ws/install/imu_publisher:/opt/ros/humble /usr/bin/cmake --build /src/ros2_ws/build/pioneer_msgs -- -j6 -l6
[7.911s] INFO:colcon.colcon_core.task.python.build:Building Python package in '/src/ros2_ws/src/imu_publisher'
[7.942s] INFO:colcon.colcon_core.shell:Skip shell extension 'powershell' for command environment: Not usable outside of PowerShell
[7.942s] DEBUG:colcon.colcon_core.shell:Skip shell extension 'dsv' for command environment
[8.218s] DEBUG:colcon.colcon_core.event_handler.log_command:Invoked command in '/src/ros2_ws/build/pioneer_msgs' returned '0': CMAKE_PREFIX_PATH=${CMAKE_PREFIX_PATH}:/src/ros2_ws/install/pixpubsub:/src/ros2_ws/install/imu_publisher:/opt/ros/humble /usr/bin/cmake --build /src/ros2_ws/build/pioneer_msgs -- -j6 -l6
[8.465s] DEBUG:colcon.colcon_core.event_handler.log_command:Invoking command in '/src/ros2_ws/build/pioneer_msgs': CMAKE_PREFIX_PATH=${CMAKE_PREFIX_PATH}:/src/ros2_ws/install/pixpubsub:/src/ros2_ws/install/imu_publisher:/opt/ros/humble /usr/bin/cmake --install /src/ros2_ws/build/pioneer_msgs
[8.569s] Level 1:colcon.colcon_core.environment:create_environment_scripts_only(pioneer_msgs)
[8.572s] DEBUG:colcon.colcon_core.event_handler.log_command:Invoked command in '/src/ros2_ws/build/pioneer_msgs' returned '0': CMAKE_PREFIX_PATH=${CMAKE_PREFIX_PATH}:/src/ros2_ws/install/pixpubsub:/src/ros2_ws/install/imu_publisher:/opt/ros/humble /usr/bin/cmake --install /src/ros2_ws/build/pioneer_msgs
[8.605s] Level 1:colcon.colcon_core.environment:checking '/src/ros2_ws/install/pioneer_msgs' for CMake module files
[8.607s] Level 1:colcon.colcon_core.environment:checking '/src/ros2_ws/install/pioneer_msgs' for CMake config files
[8.607s] Level 1:colcon.colcon_core.shell:create_environment_hook('pioneer_msgs', 'cmake_prefix_path')
[8.637s] INFO:colcon.colcon_core.shell:Creating environment hook '/src/ros2_ws/install/pioneer_msgs/share/pioneer_msgs/hook/cmake_prefix_path.ps1'
[8.639s] INFO:colcon.colcon_core.shell:Creating environment descriptor '/src/ros2_ws/install/pioneer_msgs/share/pioneer_msgs/hook/cmake_prefix_path.dsv'
[8.639s] INFO:colcon.colcon_core.shell:Creating environment hook '/src/ros2_ws/install/pioneer_msgs/share/pioneer_msgs/hook/cmake_prefix_path.sh'
[8.641s] Level 1:colcon.colcon_core.environment:checking '/src/ros2_ws/install/pioneer_msgs/lib'
[8.641s] Level 1:colcon.colcon_core.shell:create_environment_hook('pioneer_msgs', 'ld_library_path_lib')
[8.670s] INFO:colcon.colcon_core.shell:Creating environment hook '/src/ros2_ws/install/pioneer_msgs/share/pioneer_msgs/hook/ld_library_path_lib.ps1'
[8.671s] INFO:colcon.colcon_core.shell:Creating environment descriptor '/src/ros2_ws/install/pioneer_msgs/share/pioneer_msgs/hook/ld_library_path_lib.dsv'
[8.672s] INFO:colcon.colcon_core.shell:Creating environment hook '/src/ros2_ws/install/pioneer_msgs/share/pioneer_msgs/hook/ld_library_path_lib.sh'
[8.673s] Level 1:colcon.colcon_core.environment:checking '/src/ros2_ws/install/pioneer_msgs/bin'
[8.673s] Level 1:colcon.colcon_core.environment:checking '/src/ros2_ws/install/pioneer_msgs/lib/pkgconfig/pioneer_msgs.pc'
[8.674s] Level 1:colcon.colcon_core.environment:checking '/src/ros2_ws/install/pioneer_msgs/lib/python3.8/site-packages'
[8.674s] Level 1:colcon.colcon_core.shell:create_environment_hook('pioneer_msgs', 'pythonpath')
[8.702s] INFO:colcon.colcon_core.shell:Creating environment hook '/src/ros2_ws/install/pioneer_msgs/share/pioneer_msgs/hook/pythonpath.ps1'
[8.703s] INFO:colcon.colcon_core.shell:Creating environment descriptor '/src/ros2_ws/install/pioneer_msgs/share/pioneer_msgs/hook/pythonpath.dsv'
[8.704s] INFO:colcon.colcon_core.shell:Creating environment hook '/src/ros2_ws/install/pioneer_msgs/share/pioneer_msgs/hook/pythonpath.sh'
[8.705s] Level 1:colcon.colcon_core.environment:checking '/src/ros2_ws/install/pioneer_msgs/bin'
[8.733s] INFO:colcon.colcon_core.shell:Creating package script '/src/ros2_ws/install/pioneer_msgs/share/pioneer_msgs/package.ps1'
[8.735s] INFO:colcon.colcon_core.shell:Creating package descriptor '/src/ros2_ws/install/pioneer_msgs/share/pioneer_msgs/package.dsv'
[8.737s] INFO:colcon.colcon_core.shell:Creating package script '/src/ros2_ws/install/pioneer_msgs/share/pioneer_msgs/package.sh'
[8.738s] INFO:colcon.colcon_core.shell:Creating package script '/src/ros2_ws/install/pioneer_msgs/share/pioneer_msgs/package.bash'
[8.739s] INFO:colcon.colcon_core.shell:Creating package script '/src/ros2_ws/install/pioneer_msgs/share/pioneer_msgs/package.zsh'
[8.741s] Level 1:colcon.colcon_core.environment:create_file_with_runtime_dependencies(/src/ros2_ws/install/pioneer_msgs/share/colcon-core/packages/pioneer_msgs)
[8.997s] Level 1:colcon.colcon_core.environment:create_environment_scripts_only(pioneer_msgs)
[9.027s] Level 1:colcon.colcon_core.environment:checking '/src/ros2_ws/install/pioneer_msgs' for CMake module files
[9.028s] Level 1:colcon.colcon_core.environment:checking '/src/ros2_ws/install/pioneer_msgs' for CMake config files
[9.029s] Level 1:colcon.colcon_core.shell:create_environment_hook('pioneer_msgs', 'cmake_prefix_path')
[9.058s] INFO:colcon.colcon_core.shell:Creating environment hook '/src/ros2_ws/install/pioneer_msgs/share/pioneer_msgs/hook/cmake_prefix_path.ps1'
[9.059s] INFO:colcon.colcon_core.shell:Creating environment descriptor '/src/ros2_ws/install/pioneer_msgs/share/pioneer_msgs/hook/cmake_prefix_path.dsv'
[9.060s] INFO:colcon.colcon_core.shell:Creating environment hook '/src/ros2_ws/install/pioneer_msgs/share/pioneer_msgs/hook/cmake_prefix_path.sh'
[9.061s] Level 1:colcon.colcon_core.environment:checking '/src/ros2_ws/install/pioneer_msgs/lib'
[9.061s] Level 1:colcon.colcon_core.shell:create_environment_hook('pioneer_msgs', 'ld_library_path_lib')
[9.090s] INFO:colcon.colcon_core.shell:Creating environment hook '/src/ros2_ws/install/pioneer_msgs/share/pioneer_msgs/hook/ld_library_path_lib.ps1'
[9.091s] INFO:colcon.colcon_core.shell:Creating environment descriptor '/src/ros2_ws/install/pioneer_msgs/share/pioneer_msgs/hook/ld_library_path_lib.dsv'
[9.092s] INFO:colcon.colcon_core.shell:Creating environment hook '/src/ros2_ws/install/pioneer_msgs/share/pioneer_msgs/hook/ld_library_path_lib.sh'
[9.093s] Level 1:colcon.colcon_core.environment:checking '/src/ros2_ws/install/pioneer_msgs/bin'
[9.093s] Level 1:colcon.colcon_core.environment:checking '/src/ros2_ws/install/pioneer_msgs/lib/pkgconfig/pioneer_msgs.pc'
[9.093s] Level 1:colcon.colcon_core.environment:checking '/src/ros2_ws/install/pioneer_msgs/lib/python3.8/site-packages'
[9.093s] Level 1:colcon.colcon_core.shell:create_environment_hook('pioneer_msgs', 'pythonpath')
[9.122s] INFO:colcon.colcon_core.shell:Creating environment hook '/src/ros2_ws/install/pioneer_msgs/share/pioneer_msgs/hook/pythonpath.ps1'
[9.123s] INFO:colcon.colcon_core.shell:Creating environment descriptor '/src/ros2_ws/install/pioneer_msgs/share/pioneer_msgs/hook/pythonpath.dsv'
[9.123s] INFO:colcon.colcon_core.shell:Creating environment hook '/src/ros2_ws/install/pioneer_msgs/share/pioneer_msgs/hook/pythonpath.sh'
[9.125s] Level 1:colcon.colcon_core.environment:checking '/src/ros2_ws/install/pioneer_msgs/bin'
[9.153s] INFO:colcon.colcon_core.shell:Creating package script '/src/ros2_ws/install/pioneer_msgs/share/pioneer_msgs/package.ps1'
[9.154s] INFO:colcon.colcon_core.shell:Creating package descriptor '/src/ros2_ws/install/pioneer_msgs/share/pioneer_msgs/package.dsv'
[9.155s] INFO:colcon.colcon_core.shell:Creating package script '/src/ros2_ws/install/pioneer_msgs/share/pioneer_msgs/package.sh'
[9.156s] INFO:colcon.colcon_core.shell:Creating package script '/src/ros2_ws/install/pioneer_msgs/share/pioneer_msgs/package.bash'
[9.157s] INFO:colcon.colcon_core.shell:Creating package script '/src/ros2_ws/install/pioneer_msgs/share/pioneer_msgs/package.zsh'
[9.158s] Level 1:colcon.colcon_core.environment:create_file_with_runtime_dependencies(/src/ros2_ws/install/pioneer_msgs/share/colcon-core/packages/pioneer_msgs)
[9.159s] INFO:colcon.colcon_ros.task.ament_python.build:Building ROS package in '/src/ros2_ws/src/pixpubsub' with build type 'ament_python'
[9.159s] Level 1:colcon.colcon_core.shell:create_environment_hook('pixpubsub', 'ament_prefix_path')
[9.188s] INFO:colcon.colcon_core.shell:Creating environment hook '/src/ros2_ws/install/pixpubsub/share/pixpubsub/hook/ament_prefix_path.ps1'
[9.189s] INFO:colcon.colcon_core.shell:Creating environment descriptor '/src/ros2_ws/install/pixpubsub/share/pixpubsub/hook/ament_prefix_path.dsv'
[9.190s] INFO:colcon.colcon_core.shell:Creating environment hook '/src/ros2_ws/install/pixpubsub/share/pixpubsub/hook/ament_prefix_path.sh'
[9.218s] INFO:colcon.colcon_core.shell:Skip shell extension 'powershell' for command environment: Not usable outside of PowerShell
[9.218s] DEBUG:colcon.colcon_core.shell:Skip shell extension 'dsv' for command environment
[10.173s] INFO:colcon.colcon_core.task.python.build:Building Python package in '/src/ros2_ws/src/pixpubsub'
[10.202s] INFO:colcon.colcon_core.shell:Skip shell extension 'powershell' for command environment: Not usable outside of PowerShell
[10.203s] DEBUG:colcon.colcon_core.shell:Skip shell extension 'dsv' for command environment
[10.306s] DEBUG:colcon.colcon_core.event_handler.log_command:Invoking command in '/src/ros2_ws/src/imu_publisher': PYTHONPATH=/src/ros2_ws/build/imu_publisher/prefix_override:/src/ros2_ws/install/imu_publisher/lib/python3.8/site-packages:${PYTHONPATH} /usr/bin/python3 setup.py egg_info --egg-base ../../build/imu_publisher build --build-base /src/ros2_ws/build/imu_publisher/build install --record /src/ros2_ws/build/imu_publisher/install.log --single-version-externally-managed
[11.663s] DEBUG:colcon.colcon_core.event_handler.log_command:Invoked command in '/src/ros2_ws/src/imu_publisher' returned '0': PYTHONPATH=/src/ros2_ws/build/imu_publisher/prefix_override:/src/ros2_ws/install/imu_publisher/lib/python3.8/site-packages:${PYTHONPATH} /usr/bin/python3 setup.py egg_info --egg-base ../../build/imu_publisher build --build-base /src/ros2_ws/build/imu_publisher/build install --record /src/ros2_ws/build/imu_publisher/install.log --single-version-externally-managed
[11.694s] Level 1:colcon.colcon_core.environment:checking '/src/ros2_ws/install/imu_publisher' for CMake module files
[11.695s] Level 1:colcon.colcon_core.environment:checking '/src/ros2_ws/install/imu_publisher' for CMake config files
[11.696s] Level 1:colcon.colcon_core.environment:checking '/src/ros2_ws/install/imu_publisher/lib'
[11.697s] Level 1:colcon.colcon_core.environment:checking '/src/ros2_ws/install/imu_publisher/bin'
[11.697s] Level 1:colcon.colcon_core.environment:checking '/src/ros2_ws/install/imu_publisher/lib/pkgconfig/imu_publisher.pc'
[11.697s] Level 1:colcon.colcon_core.environment:checking '/src/ros2_ws/install/imu_publisher/lib/python3.8/site-packages'
[11.698s] Level 1:colcon.colcon_core.shell:create_environment_hook('imu_publisher', 'pythonpath')
[11.726s] INFO:colcon.colcon_core.shell:Creating environment hook '/src/ros2_ws/install/imu_publisher/share/imu_publisher/hook/pythonpath.ps1'
[11.728s] INFO:colcon.colcon_core.shell:Creating environment descriptor '/src/ros2_ws/install/imu_publisher/share/imu_publisher/hook/pythonpath.dsv'
[11.729s] INFO:colcon.colcon_core.shell:Creating environment hook '/src/ros2_ws/install/imu_publisher/share/imu_publisher/hook/pythonpath.sh'
[11.730s] Level 1:colcon.colcon_core.environment:checking '/src/ros2_ws/install/imu_publisher/bin'
[11.730s] Level 1:colcon.colcon_core.environment:create_environment_scripts_only(imu_publisher)
[11.760s] INFO:colcon.colcon_core.shell:Creating package script '/src/ros2_ws/install/imu_publisher/share/imu_publisher/package.ps1'
[11.762s] INFO:colcon.colcon_core.shell:Creating package descriptor '/src/ros2_ws/install/imu_publisher/share/imu_publisher/package.dsv'
[11.763s] INFO:colcon.colcon_core.shell:Creating package script '/src/ros2_ws/install/imu_publisher/share/imu_publisher/package.sh'
[11.764s] INFO:colcon.colcon_core.shell:Creating package script '/src/ros2_ws/install/imu_publisher/share/imu_publisher/package.bash'
[11.765s] INFO:colcon.colcon_core.shell:Creating package script '/src/ros2_ws/install/imu_publisher/share/imu_publisher/package.zsh'
[11.766s] Level 1:colcon.colcon_core.environment:create_file_with_runtime_dependencies(/src/ros2_ws/install/imu_publisher/share/colcon-core/packages/imu_publisher)
[11.896s] DEBUG:colcon.colcon_core.event_handler.log_command:Invoking command in '/src/ros2_ws/src/pixpubsub': LD_LIBRARY_PATH=/src/ros2_ws/install/pioneer_msgs/lib:/opt/ros/humble/opt/rviz_ogre_vendor/lib:/opt/ros/humble/lib/aarch64-linux-gnu:/opt/ros/humble/lib:/usr/lib/aarch64-linux-gnu/tegra/weston:/usr/lib/aarch64-linux-gnu/tegra-egl:/usr/local/cuda-11.4/targets/aarch64-linux/lib:/usr/lib/aarch64-linux-gnu/tegra:/opt/nvidia/vpi2/lib64:/usr/lib/aarch64-linux-gnu-host:/opt/tritonserver/lib PYTHONPATH=/src/ros2_ws/build/pixpubsub/prefix_override:/src/ros2_ws/install/pixpubsub/lib/python3.8/site-packages:/src/ros2_ws/install/pioneer_msgs/lib/python3.8/site-packages:/src/ros2_ws/install/pixpubsub/lib/python3.8/site-packages:/src/ros2_ws/install/imu_publisher/lib/python3.8/site-packages:/opt/ros/humble/lib/python3.8/site-packages /usr/bin/python3 setup.py egg_info --egg-base ../../build/pixpubsub build --build-base /src/ros2_ws/build/pixpubsub/build install --record /src/ros2_ws/build/pixpubsub/install.log --single-version-externally-managed
[13.234s] DEBUG:colcon.colcon_core.event_handler.log_command:Invoked command in '/src/ros2_ws/src/pixpubsub' returned '0': LD_LIBRARY_PATH=/src/ros2_ws/install/pioneer_msgs/lib:/opt/ros/humble/opt/rviz_ogre_vendor/lib:/opt/ros/humble/lib/aarch64-linux-gnu:/opt/ros/humble/lib:/usr/lib/aarch64-linux-gnu/tegra/weston:/usr/lib/aarch64-linux-gnu/tegra-egl:/usr/local/cuda-11.4/targets/aarch64-linux/lib:/usr/lib/aarch64-linux-gnu/tegra:/opt/nvidia/vpi2/lib64:/usr/lib/aarch64-linux-gnu-host:/opt/tritonserver/lib PYTHONPATH=/src/ros2_ws/build/pixpubsub/prefix_override:/src/ros2_ws/install/pixpubsub/lib/python3.8/site-packages:/src/ros2_ws/install/pioneer_msgs/lib/python3.8/site-packages:/src/ros2_ws/install/pixpubsub/lib/python3.8/site-packages:/src/ros2_ws/install/imu_publisher/lib/python3.8/site-packages:/opt/ros/humble/lib/python3.8/site-packages /usr/bin/python3 setup.py egg_info --egg-base ../../build/pixpubsub build --build-base /src/ros2_ws/build/pixpubsub/build install --record /src/ros2_ws/build/pixpubsub/install.log --single-version-externally-managed
[13.283s] Level 1:colcon.colcon_core.environment:checking '/src/ros2_ws/install/pixpubsub' for CMake module files
[13.284s] Level 1:colcon.colcon_core.environment:checking '/src/ros2_ws/install/pixpubsub' for CMake config files
[13.285s] Level 1:colcon.colcon_core.environment:checking '/src/ros2_ws/install/pixpubsub/lib'
[13.286s] Level 1:colcon.colcon_core.environment:checking '/src/ros2_ws/install/pixpubsub/bin'
[13.286s] Level 1:colcon.colcon_core.environment:checking '/src/ros2_ws/install/pixpubsub/lib/pkgconfig/pixpubsub.pc'
[13.286s] Level 1:colcon.colcon_core.environment:checking '/src/ros2_ws/install/pixpubsub/lib/python3.8/site-packages'
[13.287s] Level 1:colcon.colcon_core.shell:create_environment_hook('pixpubsub', 'pythonpath')
[13.315s] INFO:colcon.colcon_core.shell:Creating environment hook '/src/ros2_ws/install/pixpubsub/share/pixpubsub/hook/pythonpath.ps1'
[13.317s] INFO:colcon.colcon_core.shell:Creating environment descriptor '/src/ros2_ws/install/pixpubsub/share/pixpubsub/hook/pythonpath.dsv'
[13.318s] INFO:colcon.colcon_core.shell:Creating environment hook '/src/ros2_ws/install/pixpubsub/share/pixpubsub/hook/pythonpath.sh'
[13.319s] Level 1:colcon.colcon_core.environment:checking '/src/ros2_ws/install/pixpubsub/bin'
[13.319s] Level 1:colcon.colcon_core.environment:create_environment_scripts_only(pixpubsub)
[13.348s] INFO:colcon.colcon_core.shell:Creating package script '/src/ros2_ws/install/pixpubsub/share/pixpubsub/package.ps1'
[13.349s] INFO:colcon.colcon_core.shell:Creating package descriptor '/src/ros2_ws/install/pixpubsub/share/pixpubsub/package.dsv'
[13.350s] INFO:colcon.colcon_core.shell:Creating package script '/src/ros2_ws/install/pixpubsub/share/pixpubsub/package.sh'
[13.351s] INFO:colcon.colcon_core.shell:Creating package script '/src/ros2_ws/install/pixpubsub/share/pixpubsub/package.bash'
[13.352s] INFO:colcon.colcon_core.shell:Creating package script '/src/ros2_ws/install/pixpubsub/share/pixpubsub/package.zsh'
[13.352s] Level 1:colcon.colcon_core.environment:create_file_with_runtime_dependencies(/src/ros2_ws/install/pixpubsub/share/colcon-core/packages/pixpubsub)
[13.353s] DEBUG:colcon.colcon_parallel_executor.executor.parallel:closing loop
[13.354s] DEBUG:colcon.colcon_parallel_executor.executor.parallel:loop closed
[13.354s] DEBUG:colcon.colcon_parallel_executor.executor.parallel:run_until_complete finished with '0'
[13.354s] DEBUG:colcon.colcon_core.event_reactor:joining thread
[13.394s] INFO:colcon.colcon_core.plugin_system:Skipping extension 'colcon_notification.desktop_notification.notify_send': Could not find 'notify-send'
[13.394s] INFO:colcon.colcon_core.plugin_system:Skipping extension 'colcon_notification.desktop_notification.terminal_notifier': Not used on non-Darwin systems
[13.394s] INFO:colcon.colcon_core.plugin_system:Skipping extension 'colcon_notification.desktop_notification.win32': Not used on non-Windows systems
[13.395s] INFO:colcon.colcon_notification.desktop_notification:Sending desktop notification using 'notify2'
[13.407s] DEBUG:colcon.colcon_notification.desktop_notification.notify2:Failed to initialize notify2: org.freedesktop.DBus.Error.Spawn.ExecFailed: /usr/bin/dbus-launch terminated abnormally with the following error: Autolaunch error: X11 initialization failed.

[13.407s] DEBUG:colcon.colcon_core.event_reactor:joined thread
[13.437s] INFO:colcon.colcon_core.shell:Creating prefix script '/src/ros2_ws/install/local_setup.ps1'
[13.439s] INFO:colcon.colcon_core.shell:Creating prefix util module '/src/ros2_ws/install/_local_setup_util_ps1.py'
[13.442s] INFO:colcon.colcon_core.shell:Creating prefix chain script '/src/ros2_ws/install/setup.ps1'
[13.471s] INFO:colcon.colcon_core.shell:Creating prefix script '/src/ros2_ws/install/local_setup.sh'
[13.472s] INFO:colcon.colcon_core.shell:Creating prefix util module '/src/ros2_ws/install/_local_setup_util_sh.py'
[13.473s] INFO:colcon.colcon_core.shell:Creating prefix chain script '/src/ros2_ws/install/setup.sh'
[13.503s] INFO:colcon.colcon_core.shell:Creating prefix script '/src/ros2_ws/install/local_setup.bash'
[13.504s] INFO:colcon.colcon_core.shell:Creating prefix chain script '/src/ros2_ws/install/setup.bash'
[13.532s] INFO:colcon.colcon_core.shell:Creating prefix script '/src/ros2_ws/install/local_setup.zsh'
[13.533s] INFO:colcon.colcon_core.shell:Creating prefix chain script '/src/ros2_ws/install/setup.zsh'
