[3.534s] Invoking command in '/src/ros2_ws/src/imu_publisher': PYTHONPATH=/src/ros2_ws/build/imu_publisher/prefix_override:/src/ros2_ws/install/imu_publisher/lib/python3.8/site-packages:${PYTHONPATH} /usr/bin/python3 setup.py egg_info --egg-base ../../build/imu_publisher build --build-base /src/ros2_ws/build/imu_publisher/build install --record /src/ros2_ws/build/imu_publisher/install.log --single-version-externally-managed
[4.425s] running egg_info
[4.459s] writing ../../build/imu_publisher/imu_publisher.egg-info/PKG-INFO
[4.460s] writing dependency_links to ../../build/imu_publisher/imu_publisher.egg-info/dependency_links.txt
[4.460s] writing entry points to ../../build/imu_publisher/imu_publisher.egg-info/entry_points.txt
[4.461s] writing requirements to ../../build/imu_publisher/imu_publisher.egg-info/requires.txt
[4.461s] writing top-level names to ../../build/imu_publisher/imu_publisher.egg-info/top_level.txt
[4.530s] reading manifest file '../../build/imu_publisher/imu_publisher.egg-info/SOURCES.txt'
[4.532s] writing manifest file '../../build/imu_publisher/imu_publisher.egg-info/SOURCES.txt'
[4.532s] running build
[4.532s] running build_py
[4.533s] running install
[4.545s] running install_lib
[4.579s] running install_data
[4.613s] running install_egg_info
[4.674s] removing '/src/ros2_ws/install/imu_publisher/lib/python3.8/site-packages/imu_publisher-0.0.0-py3.8.egg-info' (and everything under it)
[4.675s] Copying ../../build/imu_publisher/imu_publisher.egg-info to /src/ros2_ws/install/imu_publisher/lib/python3.8/site-packages/imu_publisher-0.0.0-py3.8.egg-info
[4.677s] running install_scripts
[4.811s] Installing publisher script to /src/ros2_ws/install/imu_publisher/lib/imu_publisher
[4.812s] writing list of installed files to '/src/ros2_ws/build/imu_publisher/install.log'
[4.928s] Invoked command in '/src/ros2_ws/src/imu_publisher' returned '0': PYTHONPATH=/src/ros2_ws/build/imu_publisher/prefix_override:/src/ros2_ws/install/imu_publisher/lib/python3.8/site-packages:${PYTHONPATH} /usr/bin/python3 setup.py egg_info --egg-base ../../build/imu_publisher build --build-base /src/ros2_ws/build/imu_publisher/build install --record /src/ros2_ws/build/imu_publisher/install.log --single-version-externally-managed
