/src/ros2_ws/install/pixpubsub/lib/python3.8/site-packages/pixpubsub/bank_msg.py
/src/ros2_ws/install/pixpubsub/lib/python3.8/site-packages/pixpubsub/testing_node.py
/src/ros2_ws/install/pixpubsub/lib/python3.8/site-packages/pixpubsub/pressure_sensor_subscriber.py
/src/ros2_ws/install/pixpubsub/lib/python3.8/site-packages/pixpubsub/__init__.py
/src/ros2_ws/install/pixpubsub/lib/python3.8/site-packages/pixpubsub/pix_pubsub_node.py
/src/ros2_ws/install/pixpubsub/lib/python3.8/site-packages/pixpubsub/__pycache__/bank_msg.cpython-38.pyc
/src/ros2_ws/install/pixpubsub/lib/python3.8/site-packages/pixpubsub/__pycache__/testing_node.cpython-38.pyc
/src/ros2_ws/install/pixpubsub/lib/python3.8/site-packages/pixpubsub/__pycache__/pressure_sensor_subscriber.cpython-38.pyc
/src/ros2_ws/install/pixpubsub/lib/python3.8/site-packages/pixpubsub/__pycache__/__init__.cpython-38.pyc
/src/ros2_ws/install/pixpubsub/lib/python3.8/site-packages/pixpubsub/__pycache__/pix_pubsub_node.cpython-38.pyc
/src/ros2_ws/install/pixpubsub/share/ament_index/resource_index/packages/pixpubsub
/src/ros2_ws/install/pixpubsub/share/pixpubsub/package.xml
/src/ros2_ws/install/pixpubsub/lib/python3.8/site-packages/pixpubsub-0.0.0-py3.8.egg-info/entry_points.txt
/src/ros2_ws/install/pixpubsub/lib/python3.8/site-packages/pixpubsub-0.0.0-py3.8.egg-info/top_level.txt
/src/ros2_ws/install/pixpubsub/lib/python3.8/site-packages/pixpubsub-0.0.0-py3.8.egg-info/dependency_links.txt
/src/ros2_ws/install/pixpubsub/lib/python3.8/site-packages/pixpubsub-0.0.0-py3.8.egg-info/requires.txt
/src/ros2_ws/install/pixpubsub/lib/python3.8/site-packages/pixpubsub-0.0.0-py3.8.egg-info/SOURCES.txt
/src/ros2_ws/install/pixpubsub/lib/python3.8/site-packages/pixpubsub-0.0.0-py3.8.egg-info/PKG-INFO
/src/ros2_ws/install/pixpubsub/lib/python3.8/site-packages/pixpubsub-0.0.0-py3.8.egg-info/zip-safe
/src/ros2_ws/install/pixpubsub/lib/pixpubsub/Depth_node
/src/ros2_ws/install/pixpubsub/lib/pixpubsub/pixhawk_worker
/src/ros2_ws/install/pixpubsub/lib/pixpubsub/testing_node
