[5.803s] DEBUG:colcon:Command line arguments: ['/usr/bin/colcon', 'build', '--packages-select', 'pixpubsub']
[5.803s] DEBUG:colcon:Parsed command line arguments: Namespace(allow_overriding=[], ament_cmake_args=None, base_paths=['.'], build_base='build', catkin_cmake_args=None, catkin_skip_building_tests=False, cmake_args=None, cmake_clean_cache=False, cmake_clean_first=False, cmake_force_configure=False, cmake_target=None, cmake_target_skip_unavailable=False, continue_on_error=False, event_handlers=None, executor='parallel', ignore_user_meta=False, install_base='install', log_base=None, log_level=None, main=<bound method BuildVerb.main of <colcon_core.verb.build.BuildVerb object at 0xffffbabb1cd0>>, merge_install=False, metas=['./colcon.meta'], packages_above=None, packages_above_and_dependencies=None, packages_above_depth=None, packages_end=None, packages_ignore=None, packages_ignore_regex=None, packages_select=['pixpubsub'], packages_select_build_failed=False, packages_select_by_dep=None, packages_select_regex=None, packages_select_test_failures=False, packages_skip=None, packages_skip_build_finished=False, packages_skip_by_dep=None, packages_skip_regex=None, packages_skip_test_passed=False, packages_skip_up_to=None, packages_start=None, packages_up_to=None, packages_up_to_regex=None, parallel_workers=6, paths=None, symlink_install=False, test_result_base=None, verb_extension=<colcon_core.verb.build.BuildVerb object at 0xffffbabb1cd0>, verb_name='build', verb_parser=<colcon_defaults.argument_parser.defaults.DefaultArgumentsDecorator object at 0xffffba5d2280>)
[6.077s] Level 1:colcon.colcon_core.package_discovery:discover_packages(colcon_meta) check parameters
[6.077s] Level 1:colcon.colcon_core.package_discovery:discover_packages(recursive) check parameters
[6.077s] Level 1:colcon.colcon_core.package_discovery:discover_packages(ignore) check parameters
[6.077s] Level 1:colcon.colcon_core.package_discovery:discover_packages(path) check parameters
[6.077s] Level 1:colcon.colcon_core.package_discovery:discover_packages(colcon_meta) discover
[6.077s] Level 1:colcon.colcon_core.package_discovery:discover_packages(recursive) discover
[6.078s] INFO:colcon.colcon_core.package_discovery:Crawling recursively for packages in '/src/ros2_ws'
[6.078s] Level 1:colcon.colcon_core.package_identification:_identify(.) by extensions ['ignore', 'ignore_ament_install']
[6.078s] Level 1:colcon.colcon_core.package_identification:_identify(.) by extension 'ignore'
[6.078s] Level 1:colcon.colcon_core.package_identification:_identify(.) by extension 'ignore_ament_install'
[6.078s] Level 1:colcon.colcon_core.package_identification:_identify(.) by extensions ['colcon_pkg']
[6.078s] Level 1:colcon.colcon_core.package_identification:_identify(.) by extension 'colcon_pkg'
[6.079s] Level 1:colcon.colcon_core.package_identification:_identify(.) by extensions ['colcon_meta']
[6.079s] Level 1:colcon.colcon_core.package_identification:_identify(.) by extension 'colcon_meta'
[6.079s] Level 1:colcon.colcon_core.package_identification:_identify(.) by extensions ['ros']
[6.079s] Level 1:colcon.colcon_core.package_identification:_identify(.) by extension 'ros'
[6.106s] Level 1:colcon.colcon_core.package_identification:_identify(.) by extensions ['cmake', 'python']
[6.106s] Level 1:colcon.colcon_core.package_identification:_identify(.) by extension 'cmake'
[6.106s] Level 1:colcon.colcon_core.package_identification:_identify(.) by extension 'python'
[6.107s] Level 1:colcon.colcon_core.package_identification:_identify(.) by extensions ['python_setup_py']
[6.107s] Level 1:colcon.colcon_core.package_identification:_identify(.) by extension 'python_setup_py'
[6.107s] Level 1:colcon.colcon_core.package_identification:_identify(build) by extensions ['ignore', 'ignore_ament_install']
[6.107s] Level 1:colcon.colcon_core.package_identification:_identify(build) by extension 'ignore'
[6.107s] Level 1:colcon.colcon_core.package_identification:_identify(build) ignored
[6.108s] Level 1:colcon.colcon_core.package_identification:_identify(install) by extensions ['ignore', 'ignore_ament_install']
[6.108s] Level 1:colcon.colcon_core.package_identification:_identify(install) by extension 'ignore'
[6.108s] Level 1:colcon.colcon_core.package_identification:_identify(install) ignored
[6.108s] Level 1:colcon.colcon_core.package_identification:_identify(log) by extensions ['ignore', 'ignore_ament_install']
[6.108s] Level 1:colcon.colcon_core.package_identification:_identify(log) by extension 'ignore'
[6.109s] Level 1:colcon.colcon_core.package_identification:_identify(log) ignored
[6.109s] Level 1:colcon.colcon_core.package_identification:_identify(src) by extensions ['ignore', 'ignore_ament_install']
[6.109s] Level 1:colcon.colcon_core.package_identification:_identify(src) by extension 'ignore'
[6.109s] Level 1:colcon.colcon_core.package_identification:_identify(src) by extension 'ignore_ament_install'
[6.109s] Level 1:colcon.colcon_core.package_identification:_identify(src) by extensions ['colcon_pkg']
[6.109s] Level 1:colcon.colcon_core.package_identification:_identify(src) by extension 'colcon_pkg'
[6.109s] Level 1:colcon.colcon_core.package_identification:_identify(src) by extensions ['colcon_meta']
[6.109s] Level 1:colcon.colcon_core.package_identification:_identify(src) by extension 'colcon_meta'
[6.110s] Level 1:colcon.colcon_core.package_identification:_identify(src) by extensions ['ros']
[6.110s] Level 1:colcon.colcon_core.package_identification:_identify(src) by extension 'ros'
[6.110s] Level 1:colcon.colcon_core.package_identification:_identify(src) by extensions ['cmake', 'python']
[6.110s] Level 1:colcon.colcon_core.package_identification:_identify(src) by extension 'cmake'
[6.110s] Level 1:colcon.colcon_core.package_identification:_identify(src) by extension 'python'
[6.110s] Level 1:colcon.colcon_core.package_identification:_identify(src) by extensions ['python_setup_py']
[6.110s] Level 1:colcon.colcon_core.package_identification:_identify(src) by extension 'python_setup_py'
[6.110s] Level 1:colcon.colcon_core.package_identification:_identify(src/imu_publisher) by extensions ['ignore', 'ignore_ament_install']
[6.111s] Level 1:colcon.colcon_core.package_identification:_identify(src/imu_publisher) by extension 'ignore'
[6.111s] Level 1:colcon.colcon_core.package_identification:_identify(src/imu_publisher) by extension 'ignore_ament_install'
[6.111s] Level 1:colcon.colcon_core.package_identification:_identify(src/imu_publisher) by extensions ['colcon_pkg']
[6.111s] Level 1:colcon.colcon_core.package_identification:_identify(src/imu_publisher) by extension 'colcon_pkg'
[6.111s] Level 1:colcon.colcon_core.package_identification:_identify(src/imu_publisher) by extensions ['colcon_meta']
[6.111s] Level 1:colcon.colcon_core.package_identification:_identify(src/imu_publisher) by extension 'colcon_meta'
[6.111s] Level 1:colcon.colcon_core.package_identification:_identify(src/imu_publisher) by extensions ['ros']
[6.111s] Level 1:colcon.colcon_core.package_identification:_identify(src/imu_publisher) by extension 'ros'
[6.116s] DEBUG:colcon.colcon_core.package_identification:Package 'src/imu_publisher' with type 'ros.ament_python' and name 'imu_publisher'
[6.116s] Level 1:colcon.colcon_core.package_identification:_identify(src/pioneer_msgs) by extensions ['ignore', 'ignore_ament_install']
[6.117s] Level 1:colcon.colcon_core.package_identification:_identify(src/pioneer_msgs) by extension 'ignore'
[6.117s] Level 1:colcon.colcon_core.package_identification:_identify(src/pioneer_msgs) by extension 'ignore_ament_install'
[6.117s] Level 1:colcon.colcon_core.package_identification:_identify(src/pioneer_msgs) by extensions ['colcon_pkg']
[6.117s] Level 1:colcon.colcon_core.package_identification:_identify(src/pioneer_msgs) by extension 'colcon_pkg'
[6.117s] Level 1:colcon.colcon_core.package_identification:_identify(src/pioneer_msgs) by extensions ['colcon_meta']
[6.117s] Level 1:colcon.colcon_core.package_identification:_identify(src/pioneer_msgs) by extension 'colcon_meta'
[6.117s] Level 1:colcon.colcon_core.package_identification:_identify(src/pioneer_msgs) by extensions ['ros']
[6.117s] Level 1:colcon.colcon_core.package_identification:_identify(src/pioneer_msgs) by extension 'ros'
[6.119s] DEBUG:colcon.colcon_core.package_identification:Package 'src/pioneer_msgs' with type 'ros.ament_cmake' and name 'pioneer_msgs'
[6.119s] Level 1:colcon.colcon_core.package_identification:_identify(src/pixpubsub) by extensions ['ignore', 'ignore_ament_install']
[6.119s] Level 1:colcon.colcon_core.package_identification:_identify(src/pixpubsub) by extension 'ignore'
[6.119s] Level 1:colcon.colcon_core.package_identification:_identify(src/pixpubsub) by extension 'ignore_ament_install'
[6.120s] Level 1:colcon.colcon_core.package_identification:_identify(src/pixpubsub) by extensions ['colcon_pkg']
[6.120s] Level 1:colcon.colcon_core.package_identification:_identify(src/pixpubsub) by extension 'colcon_pkg'
[6.120s] Level 1:colcon.colcon_core.package_identification:_identify(src/pixpubsub) by extensions ['colcon_meta']
[6.120s] Level 1:colcon.colcon_core.package_identification:_identify(src/pixpubsub) by extension 'colcon_meta'
[6.120s] Level 1:colcon.colcon_core.package_identification:_identify(src/pixpubsub) by extensions ['ros']
[6.120s] Level 1:colcon.colcon_core.package_identification:_identify(src/pixpubsub) by extension 'ros'
[6.121s] DEBUG:colcon.colcon_core.package_identification:Package 'src/pixpubsub' with type 'ros.ament_python' and name 'pixpubsub'
[6.121s] Level 1:colcon.colcon_core.package_discovery:discover_packages(recursive) using defaults
[6.121s] Level 1:colcon.colcon_core.package_discovery:discover_packages(ignore) discover
[6.121s] Level 1:colcon.colcon_core.package_discovery:discover_packages(ignore) using defaults
[6.121s] Level 1:colcon.colcon_core.package_discovery:discover_packages(path) discover
[6.121s] Level 1:colcon.colcon_core.package_discovery:discover_packages(path) using defaults
[6.246s] INFO:colcon.colcon_core.package_selection:Skipping not selected package 'imu_publisher' in 'src/imu_publisher'
[6.246s] INFO:colcon.colcon_core.package_selection:Skipping not selected package 'pioneer_msgs' in 'src/pioneer_msgs'
[6.301s] Level 1:colcon.colcon_core.package_discovery:discover_packages(prefix_path) check parameters
[6.301s] Level 1:colcon.colcon_core.package_discovery:discover_packages(prefix_path) discover
[6.359s] DEBUG:colcon.colcon_installed_package_information.package_discovery:Found 3 installed packages in /src/ros2_ws/install
[6.388s] DEBUG:colcon.colcon_installed_package_information.package_discovery:Found 328 installed packages in /opt/ros/humble
[6.391s] Level 1:colcon.colcon_core.package_discovery:discover_packages(prefix_path) using defaults
[6.644s] Level 5:colcon.colcon_core.verb:set package 'pixpubsub' build argument 'cmake_args' from command line to 'None'
[6.644s] Level 5:colcon.colcon_core.verb:set package 'pixpubsub' build argument 'cmake_target' from command line to 'None'
[6.644s] Level 5:colcon.colcon_core.verb:set package 'pixpubsub' build argument 'cmake_target_skip_unavailable' from command line to 'False'
[6.644s] Level 5:colcon.colcon_core.verb:set package 'pixpubsub' build argument 'cmake_clean_cache' from command line to 'False'
[6.644s] Level 5:colcon.colcon_core.verb:set package 'pixpubsub' build argument 'cmake_clean_first' from command line to 'False'
[6.644s] Level 5:colcon.colcon_core.verb:set package 'pixpubsub' build argument 'cmake_force_configure' from command line to 'False'
[6.644s] Level 5:colcon.colcon_core.verb:set package 'pixpubsub' build argument 'ament_cmake_args' from command line to 'None'
[6.644s] Level 5:colcon.colcon_core.verb:set package 'pixpubsub' build argument 'catkin_cmake_args' from command line to 'None'
[6.644s] Level 5:colcon.colcon_core.verb:set package 'pixpubsub' build argument 'catkin_skip_building_tests' from command line to 'False'
[6.645s] DEBUG:colcon.colcon_core.verb:Building package 'pixpubsub' with the following arguments: {'ament_cmake_args': None, 'build_base': '/src/ros2_ws/build/pixpubsub', 'catkin_cmake_args': None, 'catkin_skip_building_tests': False, 'cmake_args': None, 'cmake_clean_cache': False, 'cmake_clean_first': False, 'cmake_force_configure': False, 'cmake_target': None, 'cmake_target_skip_unavailable': False, 'install_base': '/src/ros2_ws/install/pixpubsub', 'merge_install': False, 'path': '/src/ros2_ws/src/pixpubsub', 'symlink_install': False, 'test_result_base': None}
[6.673s] INFO:colcon.colcon_core.executor:Executing jobs using 'parallel' executor
[6.702s] DEBUG:colcon.colcon_parallel_executor.executor.parallel:run_until_complete
[6.702s] INFO:colcon.colcon_ros.task.ament_python.build:Building ROS package in '/src/ros2_ws/src/pixpubsub' with build type 'ament_python'
[6.703s] Level 1:colcon.colcon_core.shell:create_environment_hook('pixpubsub', 'ament_prefix_path')
[6.734s] INFO:colcon.colcon_core.plugin_system:Skipping extension 'colcon_core.shell.bat': Not used on non-Windows systems
[6.735s] INFO:colcon.colcon_core.shell:Creating environment hook '/src/ros2_ws/install/pixpubsub/share/pixpubsub/hook/ament_prefix_path.ps1'
[6.736s] INFO:colcon.colcon_core.shell:Creating environment descriptor '/src/ros2_ws/install/pixpubsub/share/pixpubsub/hook/ament_prefix_path.dsv'
[6.737s] INFO:colcon.colcon_core.shell:Creating environment hook '/src/ros2_ws/install/pixpubsub/share/pixpubsub/hook/ament_prefix_path.sh'
[6.766s] INFO:colcon.colcon_core.shell:Skip shell extension 'powershell' for command environment: Not usable outside of PowerShell
[6.766s] DEBUG:colcon.colcon_core.shell:Skip shell extension 'dsv' for command environment
[7.717s] INFO:colcon.colcon_core.task.python.build:Building Python package in '/src/ros2_ws/src/pixpubsub'
[7.747s] INFO:colcon.colcon_core.shell:Skip shell extension 'powershell' for command environment: Not usable outside of PowerShell
[7.747s] DEBUG:colcon.colcon_core.shell:Skip shell extension 'dsv' for command environment
[9.344s] DEBUG:colcon.colcon_core.event_handler.log_command:Invoking command in '/src/ros2_ws/src/pixpubsub': LD_LIBRARY_PATH=/src/ros2_ws/install/pioneer_msgs/lib:/opt/ros/humble/opt/rviz_ogre_vendor/lib:/opt/ros/humble/lib/aarch64-linux-gnu:/opt/ros/humble/lib:/usr/lib/aarch64-linux-gnu/tegra/weston:/usr/lib/aarch64-linux-gnu/tegra-egl:/usr/local/cuda-11.4/targets/aarch64-linux/lib:/usr/lib/aarch64-linux-gnu/tegra:/opt/nvidia/vpi2/lib64:/usr/lib/aarch64-linux-gnu-host:/opt/tritonserver/lib PYTHONPATH=/src/ros2_ws/build/pixpubsub/prefix_override:/src/ros2_ws/install/pixpubsub/lib/python3.8/site-packages:/src/ros2_ws/install/pioneer_msgs/lib/python3.8/site-packages:/src/ros2_ws/install/pixpubsub/lib/python3.8/site-packages:/src/ros2_ws/install/imu_publisher/lib/python3.8/site-packages:/opt/ros/humble/lib/python3.8/site-packages /usr/bin/python3 setup.py egg_info --egg-base ../../build/pixpubsub build --build-base /src/ros2_ws/build/pixpubsub/build install --record /src/ros2_ws/build/pixpubsub/install.log --single-version-externally-managed
[10.675s] DEBUG:colcon.colcon_core.event_handler.log_command:Invoked command in '/src/ros2_ws/src/pixpubsub' returned '0': LD_LIBRARY_PATH=/src/ros2_ws/install/pioneer_msgs/lib:/opt/ros/humble/opt/rviz_ogre_vendor/lib:/opt/ros/humble/lib/aarch64-linux-gnu:/opt/ros/humble/lib:/usr/lib/aarch64-linux-gnu/tegra/weston:/usr/lib/aarch64-linux-gnu/tegra-egl:/usr/local/cuda-11.4/targets/aarch64-linux/lib:/usr/lib/aarch64-linux-gnu/tegra:/opt/nvidia/vpi2/lib64:/usr/lib/aarch64-linux-gnu-host:/opt/tritonserver/lib PYTHONPATH=/src/ros2_ws/build/pixpubsub/prefix_override:/src/ros2_ws/install/pixpubsub/lib/python3.8/site-packages:/src/ros2_ws/install/pioneer_msgs/lib/python3.8/site-packages:/src/ros2_ws/install/pixpubsub/lib/python3.8/site-packages:/src/ros2_ws/install/imu_publisher/lib/python3.8/site-packages:/opt/ros/humble/lib/python3.8/site-packages /usr/bin/python3 setup.py egg_info --egg-base ../../build/pixpubsub build --build-base /src/ros2_ws/build/pixpubsub/build install --record /src/ros2_ws/build/pixpubsub/install.log --single-version-externally-managed
[10.713s] Level 1:colcon.colcon_core.environment:checking '/src/ros2_ws/install/pixpubsub' for CMake module files
[10.714s] Level 1:colcon.colcon_core.environment:checking '/src/ros2_ws/install/pixpubsub' for CMake config files
[10.715s] Level 1:colcon.colcon_core.environment:checking '/src/ros2_ws/install/pixpubsub/lib'
[10.716s] Level 1:colcon.colcon_core.environment:checking '/src/ros2_ws/install/pixpubsub/bin'
[10.716s] Level 1:colcon.colcon_core.environment:checking '/src/ros2_ws/install/pixpubsub/lib/pkgconfig/pixpubsub.pc'
[10.716s] Level 1:colcon.colcon_core.environment:checking '/src/ros2_ws/install/pixpubsub/lib/python3.8/site-packages'
[10.717s] Level 1:colcon.colcon_core.shell:create_environment_hook('pixpubsub', 'pythonpath')
[10.746s] INFO:colcon.colcon_core.shell:Creating environment hook '/src/ros2_ws/install/pixpubsub/share/pixpubsub/hook/pythonpath.ps1'
[10.748s] INFO:colcon.colcon_core.shell:Creating environment descriptor '/src/ros2_ws/install/pixpubsub/share/pixpubsub/hook/pythonpath.dsv'
[10.748s] INFO:colcon.colcon_core.shell:Creating environment hook '/src/ros2_ws/install/pixpubsub/share/pixpubsub/hook/pythonpath.sh'
[10.749s] Level 1:colcon.colcon_core.environment:checking '/src/ros2_ws/install/pixpubsub/bin'
[10.750s] Level 1:colcon.colcon_core.environment:create_environment_scripts_only(pixpubsub)
[10.828s] INFO:colcon.colcon_core.shell:Creating package script '/src/ros2_ws/install/pixpubsub/share/pixpubsub/package.ps1'
[10.831s] INFO:colcon.colcon_core.shell:Creating package descriptor '/src/ros2_ws/install/pixpubsub/share/pixpubsub/package.dsv'
[10.832s] INFO:colcon.colcon_core.shell:Creating package script '/src/ros2_ws/install/pixpubsub/share/pixpubsub/package.sh'
[10.833s] INFO:colcon.colcon_core.shell:Creating package script '/src/ros2_ws/install/pixpubsub/share/pixpubsub/package.bash'
[10.835s] INFO:colcon.colcon_core.shell:Creating package script '/src/ros2_ws/install/pixpubsub/share/pixpubsub/package.zsh'
[10.836s] Level 1:colcon.colcon_core.environment:create_file_with_runtime_dependencies(/src/ros2_ws/install/pixpubsub/share/colcon-core/packages/pixpubsub)
[10.837s] DEBUG:colcon.colcon_parallel_executor.executor.parallel:closing loop
[10.838s] DEBUG:colcon.colcon_parallel_executor.executor.parallel:loop closed
[10.838s] DEBUG:colcon.colcon_parallel_executor.executor.parallel:run_until_complete finished with '0'
[10.838s] DEBUG:colcon.colcon_core.event_reactor:joining thread
[10.893s] INFO:colcon.colcon_core.plugin_system:Skipping extension 'colcon_notification.desktop_notification.notify_send': Could not find 'notify-send'
[10.894s] INFO:colcon.colcon_core.plugin_system:Skipping extension 'colcon_notification.desktop_notification.terminal_notifier': Not used on non-Darwin systems
[10.894s] INFO:colcon.colcon_core.plugin_system:Skipping extension 'colcon_notification.desktop_notification.win32': Not used on non-Windows systems
[10.894s] INFO:colcon.colcon_notification.desktop_notification:Sending desktop notification using 'notify2'
[10.903s] DEBUG:colcon.colcon_notification.desktop_notification.notify2:Failed to initialize notify2: org.freedesktop.DBus.Error.Spawn.ExecFailed: /usr/bin/dbus-launch terminated abnormally with the following error: Autolaunch error: X11 initialization failed.

[10.904s] DEBUG:colcon.colcon_core.event_reactor:joined thread
[10.934s] INFO:colcon.colcon_core.shell:Creating prefix script '/src/ros2_ws/install/local_setup.ps1'
[10.936s] INFO:colcon.colcon_core.shell:Creating prefix util module '/src/ros2_ws/install/_local_setup_util_ps1.py'
[10.939s] INFO:colcon.colcon_core.shell:Creating prefix chain script '/src/ros2_ws/install/setup.ps1'
[10.969s] INFO:colcon.colcon_core.shell:Creating prefix script '/src/ros2_ws/install/local_setup.sh'
[10.970s] INFO:colcon.colcon_core.shell:Creating prefix util module '/src/ros2_ws/install/_local_setup_util_sh.py'
[10.971s] INFO:colcon.colcon_core.shell:Creating prefix chain script '/src/ros2_ws/install/setup.sh'
[11.001s] INFO:colcon.colcon_core.shell:Creating prefix script '/src/ros2_ws/install/local_setup.bash'
[11.003s] INFO:colcon.colcon_core.shell:Creating prefix chain script '/src/ros2_ws/install/setup.bash'
[11.033s] INFO:colcon.colcon_core.shell:Creating prefix script '/src/ros2_ws/install/local_setup.zsh'
[11.034s] INFO:colcon.colcon_core.shell:Creating prefix chain script '/src/ros2_ws/install/setup.zsh'
