running egg_info
creating ../../build/pixpubsub/pixpubsub.egg-info
writing ../../build/pixpubsub/pixpubsub.egg-info/PKG-INFO
writing dependency_links to ../../build/pixpubsub/pixpubsub.egg-info/dependency_links.txt
writing entry points to ../../build/pixpubsub/pixpubsub.egg-info/entry_points.txt
writing requirements to ../../build/pixpubsub/pixpubsub.egg-info/requires.txt
writing top-level names to ../../build/pixpubsub/pixpubsub.egg-info/top_level.txt
writing manifest file '../../build/pixpubsub/pixpubsub.egg-info/SOURCES.txt'
reading manifest file '../../build/pixpubsub/pixpubsub.egg-info/SOURCES.txt'
writing manifest file '../../build/pixpubsub/pixpubsub.egg-info/SOURCES.txt'
running build
running build_py
creating /src/ros2_ws/build/pixpubsub/build
creating /src/ros2_ws/build/pixpubsub/build/lib
creating /src/ros2_ws/build/pixpubsub/build/lib/pixpubsub
copying pixpubsub/__init__.py -> /src/ros2_ws/build/pixpubsub/build/lib/pixpubsub
copying pixpubsub/bank_msg.py -> /src/ros2_ws/build/pixpubsub/build/lib/pixpubsub
copying pixpubsub/testing_node.py -> /src/ros2_ws/build/pixpubsub/build/lib/pixpubsub
copying pixpubsub/pix_pubsub_node.py -> /src/ros2_ws/build/pixpubsub/build/lib/pixpubsub
copying pixpubsub/pressure_sensor_subscriber.py -> /src/ros2_ws/build/pixpubsub/build/lib/pixpubsub
running install
running install_lib
creating /src/ros2_ws/install/pixpubsub/lib/python3.8/site-packages/pixpubsub
copying /src/ros2_ws/build/pixpubsub/build/lib/pixpubsub/__init__.py -> /src/ros2_ws/install/pixpubsub/lib/python3.8/site-packages/pixpubsub
copying /src/ros2_ws/build/pixpubsub/build/lib/pixpubsub/bank_msg.py -> /src/ros2_ws/install/pixpubsub/lib/python3.8/site-packages/pixpubsub
copying /src/ros2_ws/build/pixpubsub/build/lib/pixpubsub/testing_node.py -> /src/ros2_ws/install/pixpubsub/lib/python3.8/site-packages/pixpubsub
copying /src/ros2_ws/build/pixpubsub/build/lib/pixpubsub/pix_pubsub_node.py -> /src/ros2_ws/install/pixpubsub/lib/python3.8/site-packages/pixpubsub
copying /src/ros2_ws/build/pixpubsub/build/lib/pixpubsub/pressure_sensor_subscriber.py -> /src/ros2_ws/install/pixpubsub/lib/python3.8/site-packages/pixpubsub
byte-compiling /src/ros2_ws/install/pixpubsub/lib/python3.8/site-packages/pixpubsub/__init__.py to __init__.cpython-38.pyc
byte-compiling /src/ros2_ws/install/pixpubsub/lib/python3.8/site-packages/pixpubsub/bank_msg.py to bank_msg.cpython-38.pyc
byte-compiling /src/ros2_ws/install/pixpubsub/lib/python3.8/site-packages/pixpubsub/testing_node.py to testing_node.cpython-38.pyc
byte-compiling /src/ros2_ws/install/pixpubsub/lib/python3.8/site-packages/pixpubsub/pix_pubsub_node.py to pix_pubsub_node.cpython-38.pyc
byte-compiling /src/ros2_ws/install/pixpubsub/lib/python3.8/site-packages/pixpubsub/pressure_sensor_subscriber.py to pressure_sensor_subscriber.cpython-38.pyc
running install_data
creating /src/ros2_ws/install/pixpubsub/share/ament_index
creating /src/ros2_ws/install/pixpubsub/share/ament_index/resource_index
creating /src/ros2_ws/install/pixpubsub/share/ament_index/resource_index/packages
copying resource/pixpubsub -> /src/ros2_ws/install/pixpubsub/share/ament_index/resource_index/packages
copying package.xml -> /src/ros2_ws/install/pixpubsub/share/pixpubsub
running install_egg_info
Copying ../../build/pixpubsub/pixpubsub.egg-info to /src/ros2_ws/install/pixpubsub/lib/python3.8/site-packages/pixpubsub-0.0.0-py3.8.egg-info
running install_scripts
Installing Depth_node script to /src/ros2_ws/install/pixpubsub/lib/pixpubsub
Installing pixhawk_worker script to /src/ros2_ws/install/pixpubsub/lib/pixpubsub
Installing testing_node script to /src/ros2_ws/install/pixpubsub/lib/pixpubsub
writing list of installed files to '/src/ros2_ws/build/pixpubsub/install.log'
