[2.617s] Invoking command in '/src/ros2_ws/src/pixpubsub': LD_LIBRARY_PATH=/src/ros2_ws/install/pioneer_msgs/lib:/opt/ros/humble/opt/rviz_ogre_vendor/lib:/opt/ros/humble/lib/aarch64-linux-gnu:/opt/ros/humble/lib:/usr/lib/aarch64-linux-gnu/tegra/weston:/usr/lib/aarch64-linux-gnu/tegra-egl:/usr/local/cuda-11.4/targets/aarch64-linux/lib:/usr/lib/aarch64-linux-gnu/tegra:/opt/nvidia/vpi2/lib64:/usr/lib/aarch64-linux-gnu-host:/opt/tritonserver/lib PYTHONPATH=/src/ros2_ws/build/pixpubsub/prefix_override:/src/ros2_ws/install/pixpubsub/lib/python3.8/site-packages:/src/ros2_ws/install/pioneer_msgs/lib/python3.8/site-packages:${PYTHONPATH} /usr/bin/python3 setup.py egg_info --egg-base ../../build/pixpubsub build --build-base /src/ros2_ws/build/pixpubsub/build install --record /src/ros2_ws/build/pixpubsub/install.log --single-version-externally-managed
[3.450s] running egg_info
[3.451s] creating ../../build/pixpubsub/pixpubsub.egg-info
[3.481s] writing ../../build/pixpubsub/pixpubsub.egg-info/PKG-INFO
[3.481s] writing dependency_links to ../../build/pixpubsub/pixpubsub.egg-info/dependency_links.txt
[3.482s] writing entry points to ../../build/pixpubsub/pixpubsub.egg-info/entry_points.txt
[3.482s] writing requirements to ../../build/pixpubsub/pixpubsub.egg-info/requires.txt
[3.483s] writing top-level names to ../../build/pixpubsub/pixpubsub.egg-info/top_level.txt
[3.483s] writing manifest file '../../build/pixpubsub/pixpubsub.egg-info/SOURCES.txt'
[3.544s] reading manifest file '../../build/pixpubsub/pixpubsub.egg-info/SOURCES.txt'
[3.545s] writing manifest file '../../build/pixpubsub/pixpubsub.egg-info/SOURCES.txt'
[3.546s] running build
[3.546s] running build_py
[3.546s] creating /src/ros2_ws/build/pixpubsub/build
[3.547s] creating /src/ros2_ws/build/pixpubsub/build/lib
[3.547s] creating /src/ros2_ws/build/pixpubsub/build/lib/pixpubsub
[3.547s] copying pixpubsub/__init__.py -> /src/ros2_ws/build/pixpubsub/build/lib/pixpubsub
[3.548s] copying pixpubsub/bank_msg.py -> /src/ros2_ws/build/pixpubsub/build/lib/pixpubsub
[3.548s] copying pixpubsub/testing_node.py -> /src/ros2_ws/build/pixpubsub/build/lib/pixpubsub
[3.548s] copying pixpubsub/pix_pubsub_node.py -> /src/ros2_ws/build/pixpubsub/build/lib/pixpubsub
[3.548s] copying pixpubsub/pressure_sensor_subscriber.py -> /src/ros2_ws/build/pixpubsub/build/lib/pixpubsub
[3.549s] running install
[3.559s] running install_lib
[3.590s] creating /src/ros2_ws/install/pixpubsub/lib/python3.8/site-packages/pixpubsub
[3.590s] copying /src/ros2_ws/build/pixpubsub/build/lib/pixpubsub/__init__.py -> /src/ros2_ws/install/pixpubsub/lib/python3.8/site-packages/pixpubsub
[3.590s] copying /src/ros2_ws/build/pixpubsub/build/lib/pixpubsub/bank_msg.py -> /src/ros2_ws/install/pixpubsub/lib/python3.8/site-packages/pixpubsub
[3.590s] copying /src/ros2_ws/build/pixpubsub/build/lib/pixpubsub/testing_node.py -> /src/ros2_ws/install/pixpubsub/lib/python3.8/site-packages/pixpubsub
[3.591s] copying /src/ros2_ws/build/pixpubsub/build/lib/pixpubsub/pix_pubsub_node.py -> /src/ros2_ws/install/pixpubsub/lib/python3.8/site-packages/pixpubsub
[3.591s] copying /src/ros2_ws/build/pixpubsub/build/lib/pixpubsub/pressure_sensor_subscriber.py -> /src/ros2_ws/install/pixpubsub/lib/python3.8/site-packages/pixpubsub
[3.592s] byte-compiling /src/ros2_ws/install/pixpubsub/lib/python3.8/site-packages/pixpubsub/__init__.py to __init__.cpython-38.pyc
[3.593s] byte-compiling /src/ros2_ws/install/pixpubsub/lib/python3.8/site-packages/pixpubsub/bank_msg.py to bank_msg.cpython-38.pyc
[3.594s] byte-compiling /src/ros2_ws/install/pixpubsub/lib/python3.8/site-packages/pixpubsub/testing_node.py to testing_node.cpython-38.pyc
[3.594s]   File "/src/ros2_ws/install/pixpubsub/lib/python3.8/site-packages/pixpubsub/testing_node.py", line 29
[3.595s]     match count:
[3.595s]           ^
[3.595s] SyntaxError: invalid syntax
[3.595s] 
[3.595s] byte-compiling /src/ros2_ws/install/pixpubsub/lib/python3.8/site-packages/pixpubsub/pix_pubsub_node.py to pix_pubsub_node.cpython-38.pyc
[3.596s] byte-compiling /src/ros2_ws/install/pixpubsub/lib/python3.8/site-packages/pixpubsub/pressure_sensor_subscriber.py to pressure_sensor_subscriber.cpython-38.pyc
[3.597s] running install_data
[3.628s] creating /src/ros2_ws/install/pixpubsub/share/ament_index
[3.628s] creating /src/ros2_ws/install/pixpubsub/share/ament_index/resource_index
[3.629s] creating /src/ros2_ws/install/pixpubsub/share/ament_index/resource_index/packages
[3.629s] copying resource/pixpubsub -> /src/ros2_ws/install/pixpubsub/share/ament_index/resource_index/packages
[3.629s] copying package.xml -> /src/ros2_ws/install/pixpubsub/share/pixpubsub
[3.630s] running install_egg_info
[3.661s] Copying ../../build/pixpubsub/pixpubsub.egg-info to /src/ros2_ws/install/pixpubsub/lib/python3.8/site-packages/pixpubsub-0.0.0-py3.8.egg-info
[3.663s] running install_scripts
[3.813s] Installing Depth_node script to /src/ros2_ws/install/pixpubsub/lib/pixpubsub
[3.813s] Installing pixhawk_worker script to /src/ros2_ws/install/pixpubsub/lib/pixpubsub
[3.813s] Installing testing_node script to /src/ros2_ws/install/pixpubsub/lib/pixpubsub
[3.814s] writing list of installed files to '/src/ros2_ws/build/pixpubsub/install.log'
[3.919s] Invoked command in '/src/ros2_ws/src/pixpubsub' returned '0': LD_LIBRARY_PATH=/src/ros2_ws/install/pioneer_msgs/lib:/opt/ros/humble/opt/rviz_ogre_vendor/lib:/opt/ros/humble/lib/aarch64-linux-gnu:/opt/ros/humble/lib:/usr/lib/aarch64-linux-gnu/tegra/weston:/usr/lib/aarch64-linux-gnu/tegra-egl:/usr/local/cuda-11.4/targets/aarch64-linux/lib:/usr/lib/aarch64-linux-gnu/tegra:/opt/nvidia/vpi2/lib64:/usr/lib/aarch64-linux-gnu-host:/opt/tritonserver/lib PYTHONPATH=/src/ros2_ws/build/pixpubsub/prefix_override:/src/ros2_ws/install/pixpubsub/lib/python3.8/site-packages:/src/ros2_ws/install/pioneer_msgs/lib/python3.8/site-packages:${PYTHONPATH} /usr/bin/python3 setup.py egg_info --egg-base ../../build/pixpubsub build --build-base /src/ros2_ws/build/pixpubsub/build install --record /src/ros2_ws/build/pixpubsub/install.log --single-version-externally-managed
