[6.191s] DEBUG:colcon:Command line arguments: ['/usr/bin/colcon', 'build']
[6.192s] DEBUG:colcon:Parsed command line arguments: Namespace(allow_overriding=[], ament_cmake_args=None, base_paths=['.'], build_base='build', catkin_cmake_args=None, catkin_skip_building_tests=False, cmake_args=None, cmake_clean_cache=False, cmake_clean_first=False, cmake_force_configure=False, cmake_target=None, cmake_target_skip_unavailable=False, continue_on_error=False, event_handlers=None, executor='parallel', ignore_user_meta=False, install_base='install', log_base=None, log_level=None, main=<bound method BuildVerb.main of <colcon_core.verb.build.BuildVerb object at 0xffff95e81a90>>, merge_install=False, metas=['./colcon.meta'], packages_above=None, packages_above_and_dependencies=None, packages_above_depth=None, packages_end=None, packages_ignore=None, packages_ignore_regex=None, packages_select=None, packages_select_build_failed=False, packages_select_by_dep=None, packages_select_regex=None, packages_select_test_failures=False, packages_skip=None, packages_skip_build_finished=False, packages_skip_by_dep=None, packages_skip_regex=None, packages_skip_test_passed=False, packages_skip_up_to=None, packages_start=None, packages_up_to=None, packages_up_to_regex=None, parallel_workers=6, paths=None, symlink_install=False, test_result_base=None, verb_extension=<colcon_core.verb.build.BuildVerb object at 0xffff95e81a90>, verb_name='build', verb_parser=<colcon_defaults.argument_parser.defaults.DefaultArgumentsDecorator object at 0xffff95e81670>)
[6.495s] Level 1:colcon.colcon_core.package_discovery:discover_packages(colcon_meta) check parameters
[6.496s] Level 1:colcon.colcon_core.package_discovery:discover_packages(recursive) check parameters
[6.496s] Level 1:colcon.colcon_core.package_discovery:discover_packages(ignore) check parameters
[6.496s] Level 1:colcon.colcon_core.package_discovery:discover_packages(path) check parameters
[6.496s] Level 1:colcon.colcon_core.package_discovery:discover_packages(colcon_meta) discover
[6.496s] Level 1:colcon.colcon_core.package_discovery:discover_packages(recursive) discover
[6.497s] INFO:colcon.colcon_core.package_discovery:Crawling recursively for packages in '/src/ros2_ws'
[6.497s] Level 1:colcon.colcon_core.package_identification:_identify(.) by extensions ['ignore', 'ignore_ament_install']
[6.497s] Level 1:colcon.colcon_core.package_identification:_identify(.) by extension 'ignore'
[6.497s] Level 1:colcon.colcon_core.package_identification:_identify(.) by extension 'ignore_ament_install'
[6.497s] Level 1:colcon.colcon_core.package_identification:_identify(.) by extensions ['colcon_pkg']
[6.498s] Level 1:colcon.colcon_core.package_identification:_identify(.) by extension 'colcon_pkg'
[6.498s] Level 1:colcon.colcon_core.package_identification:_identify(.) by extensions ['colcon_meta']
[6.498s] Level 1:colcon.colcon_core.package_identification:_identify(.) by extension 'colcon_meta'
[6.498s] Level 1:colcon.colcon_core.package_identification:_identify(.) by extensions ['ros']
[6.498s] Level 1:colcon.colcon_core.package_identification:_identify(.) by extension 'ros'
[6.537s] Level 1:colcon.colcon_core.package_identification:_identify(.) by extensions ['cmake', 'python']
[6.537s] Level 1:colcon.colcon_core.package_identification:_identify(.) by extension 'cmake'
[6.537s] Level 1:colcon.colcon_core.package_identification:_identify(.) by extension 'python'
[6.538s] Level 1:colcon.colcon_core.package_identification:_identify(.) by extensions ['python_setup_py']
[6.538s] Level 1:colcon.colcon_core.package_identification:_identify(.) by extension 'python_setup_py'
[6.538s] Level 1:colcon.colcon_core.package_identification:_identify(build) by extensions ['ignore', 'ignore_ament_install']
[6.538s] Level 1:colcon.colcon_core.package_identification:_identify(build) by extension 'ignore'
[6.538s] Level 1:colcon.colcon_core.package_identification:_identify(build) ignored
[6.539s] Level 1:colcon.colcon_core.package_identification:_identify(install) by extensions ['ignore', 'ignore_ament_install']
[6.539s] Level 1:colcon.colcon_core.package_identification:_identify(install) by extension 'ignore'
[6.539s] Level 1:colcon.colcon_core.package_identification:_identify(install) ignored
[6.539s] Level 1:colcon.colcon_core.package_identification:_identify(log) by extensions ['ignore', 'ignore_ament_install']
[6.540s] Level 1:colcon.colcon_core.package_identification:_identify(log) by extension 'ignore'
[6.540s] Level 1:colcon.colcon_core.package_identification:_identify(log) ignored
[6.540s] Level 1:colcon.colcon_core.package_identification:_identify(src) by extensions ['ignore', 'ignore_ament_install']
[6.540s] Level 1:colcon.colcon_core.package_identification:_identify(src) by extension 'ignore'
[6.540s] Level 1:colcon.colcon_core.package_identification:_identify(src) by extension 'ignore_ament_install'
[6.540s] Level 1:colcon.colcon_core.package_identification:_identify(src) by extensions ['colcon_pkg']
[6.540s] Level 1:colcon.colcon_core.package_identification:_identify(src) by extension 'colcon_pkg'
[6.540s] Level 1:colcon.colcon_core.package_identification:_identify(src) by extensions ['colcon_meta']
[6.541s] Level 1:colcon.colcon_core.package_identification:_identify(src) by extension 'colcon_meta'
[6.541s] Level 1:colcon.colcon_core.package_identification:_identify(src) by extensions ['ros']
[6.541s] Level 1:colcon.colcon_core.package_identification:_identify(src) by extension 'ros'
[6.541s] Level 1:colcon.colcon_core.package_identification:_identify(src) by extensions ['cmake', 'python']
[6.541s] Level 1:colcon.colcon_core.package_identification:_identify(src) by extension 'cmake'
[6.541s] Level 1:colcon.colcon_core.package_identification:_identify(src) by extension 'python'
[6.541s] Level 1:colcon.colcon_core.package_identification:_identify(src) by extensions ['python_setup_py']
[6.541s] Level 1:colcon.colcon_core.package_identification:_identify(src) by extension 'python_setup_py'
[6.541s] Level 1:colcon.colcon_core.package_identification:_identify(src/depthsub) by extensions ['ignore', 'ignore_ament_install']
[6.542s] Level 1:colcon.colcon_core.package_identification:_identify(src/depthsub) by extension 'ignore'
[6.542s] Level 1:colcon.colcon_core.package_identification:_identify(src/depthsub) by extension 'ignore_ament_install'
[6.542s] Level 1:colcon.colcon_core.package_identification:_identify(src/depthsub) by extensions ['colcon_pkg']
[6.542s] Level 1:colcon.colcon_core.package_identification:_identify(src/depthsub) by extension 'colcon_pkg'
[6.542s] Level 1:colcon.colcon_core.package_identification:_identify(src/depthsub) by extensions ['colcon_meta']
[6.542s] Level 1:colcon.colcon_core.package_identification:_identify(src/depthsub) by extension 'colcon_meta'
[6.542s] Level 1:colcon.colcon_core.package_identification:_identify(src/depthsub) by extensions ['ros']
[6.542s] Level 1:colcon.colcon_core.package_identification:_identify(src/depthsub) by extension 'ros'
[6.546s] DEBUG:colcon.colcon_core.package_identification:Failed to parse potential ROS package manifest in'src/depthsub': Error(s) in package 'src/depthsub/package.xml':
The manifest contains invalid XML:
mismatched tag: line 21, column 2
[6.546s] Level 1:colcon.colcon_core.package_identification:_identify(src/depthsub) by extensions ['cmake', 'python']
[6.546s] Level 1:colcon.colcon_core.package_identification:_identify(src/depthsub) by extension 'cmake'
[6.547s] Level 1:colcon.colcon_core.package_identification:_identify(src/depthsub) by extension 'python'
[6.547s] DEBUG:colcon.colcon_core.package_identification:Python package in 'src/depthsub' passes arguments to the setup() function which requires a different identification extension than 'python'
[6.547s] Level 1:colcon.colcon_core.package_identification:_identify(src/depthsub) by extensions ['python_setup_py']
[6.547s] Level 1:colcon.colcon_core.package_identification:_identify(src/depthsub) by extension 'python_setup_py'
[7.536s] DEBUG:colcon.colcon_core.package_identification:Package 'src/depthsub' with type 'python' and name 'depthsub'
[7.537s] Level 1:colcon.colcon_core.package_identification:_identify(src/imu_publisher) by extensions ['ignore', 'ignore_ament_install']
[7.537s] Level 1:colcon.colcon_core.package_identification:_identify(src/imu_publisher) by extension 'ignore'
[7.538s] Level 1:colcon.colcon_core.package_identification:_identify(src/imu_publisher) by extension 'ignore_ament_install'
[7.538s] Level 1:colcon.colcon_core.package_identification:_identify(src/imu_publisher) by extensions ['colcon_pkg']
[7.538s] Level 1:colcon.colcon_core.package_identification:_identify(src/imu_publisher) by extension 'colcon_pkg'
[7.538s] Level 1:colcon.colcon_core.package_identification:_identify(src/imu_publisher) by extensions ['colcon_meta']
[7.538s] Level 1:colcon.colcon_core.package_identification:_identify(src/imu_publisher) by extension 'colcon_meta'
[7.538s] Level 1:colcon.colcon_core.package_identification:_identify(src/imu_publisher) by extensions ['ros']
[7.538s] Level 1:colcon.colcon_core.package_identification:_identify(src/imu_publisher) by extension 'ros'
[7.545s] DEBUG:colcon.colcon_core.package_identification:Package 'src/imu_publisher' with type 'ros.ament_python' and name 'imu_publisher'
[7.546s] Level 1:colcon.colcon_core.package_identification:_identify(src/pioneer_msgs) by extensions ['ignore', 'ignore_ament_install']
[7.546s] Level 1:colcon.colcon_core.package_identification:_identify(src/pioneer_msgs) by extension 'ignore'
[7.546s] Level 1:colcon.colcon_core.package_identification:_identify(src/pioneer_msgs) by extension 'ignore_ament_install'
[7.546s] Level 1:colcon.colcon_core.package_identification:_identify(src/pioneer_msgs) by extensions ['colcon_pkg']
[7.546s] Level 1:colcon.colcon_core.package_identification:_identify(src/pioneer_msgs) by extension 'colcon_pkg'
[7.547s] Level 1:colcon.colcon_core.package_identification:_identify(src/pioneer_msgs) by extensions ['colcon_meta']
[7.547s] Level 1:colcon.colcon_core.package_identification:_identify(src/pioneer_msgs) by extension 'colcon_meta'
[7.547s] Level 1:colcon.colcon_core.package_identification:_identify(src/pioneer_msgs) by extensions ['ros']
[7.547s] Level 1:colcon.colcon_core.package_identification:_identify(src/pioneer_msgs) by extension 'ros'
[7.549s] DEBUG:colcon.colcon_core.package_identification:Package 'src/pioneer_msgs' with type 'ros.ament_cmake' and name 'pioneer_msgs'
[7.549s] Level 1:colcon.colcon_core.package_identification:_identify(src/pixpubsub) by extensions ['ignore', 'ignore_ament_install']
[7.549s] Level 1:colcon.colcon_core.package_identification:_identify(src/pixpubsub) by extension 'ignore'
[7.549s] Level 1:colcon.colcon_core.package_identification:_identify(src/pixpubsub) by extension 'ignore_ament_install'
[7.549s] Level 1:colcon.colcon_core.package_identification:_identify(src/pixpubsub) by extensions ['colcon_pkg']
[7.549s] Level 1:colcon.colcon_core.package_identification:_identify(src/pixpubsub) by extension 'colcon_pkg'
[7.550s] Level 1:colcon.colcon_core.package_identification:_identify(src/pixpubsub) by extensions ['colcon_meta']
[7.550s] Level 1:colcon.colcon_core.package_identification:_identify(src/pixpubsub) by extension 'colcon_meta'
[7.550s] Level 1:colcon.colcon_core.package_identification:_identify(src/pixpubsub) by extensions ['ros']
[7.550s] Level 1:colcon.colcon_core.package_identification:_identify(src/pixpubsub) by extension 'ros'
[7.551s] DEBUG:colcon.colcon_core.package_identification:Failed to parse potential ROS package manifest in'src/pixpubsub': Error(s) in package 'src/pixpubsub/package.xml':
The manifest contains invalid XML:
mismatched tag: line 22, column 2
[7.551s] Level 1:colcon.colcon_core.package_identification:_identify(src/pixpubsub) by extensions ['cmake', 'python']
[7.551s] Level 1:colcon.colcon_core.package_identification:_identify(src/pixpubsub) by extension 'cmake'
[7.551s] Level 1:colcon.colcon_core.package_identification:_identify(src/pixpubsub) by extension 'python'
[7.552s] DEBUG:colcon.colcon_core.package_identification:Python package in 'src/pixpubsub' passes arguments to the setup() function which requires a different identification extension than 'python'
[7.552s] Level 1:colcon.colcon_core.package_identification:_identify(src/pixpubsub) by extensions ['python_setup_py']
[7.552s] Level 1:colcon.colcon_core.package_identification:_identify(src/pixpubsub) by extension 'python_setup_py'
[8.534s] DEBUG:colcon.colcon_core.package_identification:Package 'src/pixpubsub' with type 'python' and name 'pixpubsub'
[8.535s] Level 1:colcon.colcon_core.package_discovery:discover_packages(recursive) using defaults
[8.535s] Level 1:colcon.colcon_core.package_discovery:discover_packages(ignore) discover
[8.535s] Level 1:colcon.colcon_core.package_discovery:discover_packages(ignore) using defaults
[8.535s] Level 1:colcon.colcon_core.package_discovery:discover_packages(path) discover
[8.535s] Level 1:colcon.colcon_core.package_discovery:discover_packages(path) using defaults
