[3.453s] Invoking command in '/src/ros2_ws/src/imu_publisher': PYTHONPATH=/src/ros2_ws/build/imu_publisher/prefix_override:/src/ros2_ws/install/imu_publisher/lib/python3.8/site-packages:${PYTHONPATH} /usr/bin/python3 setup.py egg_info --egg-base ../../build/imu_publisher build --build-base /src/ros2_ws/build/imu_publisher/build install --record /src/ros2_ws/build/imu_publisher/install.log --single-version-externally-managed
[4.327s] running egg_info
[4.360s] writing ../../build/imu_publisher/imu_publisher.egg-info/PKG-INFO
[4.361s] writing dependency_links to ../../build/imu_publisher/imu_publisher.egg-info/dependency_links.txt
[4.361s] writing entry points to ../../build/imu_publisher/imu_publisher.egg-info/entry_points.txt
[4.361s] writing requirements to ../../build/imu_publisher/imu_publisher.egg-info/requires.txt
[4.362s] writing top-level names to ../../build/imu_publisher/imu_publisher.egg-info/top_level.txt
[4.428s] reading manifest file '../../build/imu_publisher/imu_publisher.egg-info/SOURCES.txt'
[4.430s] writing manifest file '../../build/imu_publisher/imu_publisher.egg-info/SOURCES.txt'
[4.430s] running build
[4.431s] running build_py
[4.431s] running install
[4.442s] running install_lib
[4.476s] running install_data
[4.508s] running install_egg_info
[4.542s] removing '/src/ros2_ws/install/imu_publisher/lib/python3.8/site-packages/imu_publisher-0.0.0-py3.8.egg-info' (and everything under it)
[4.543s] Copying ../../build/imu_publisher/imu_publisher.egg-info to /src/ros2_ws/install/imu_publisher/lib/python3.8/site-packages/imu_publisher-0.0.0-py3.8.egg-info
[4.545s] running install_scripts
[4.701s] Installing publisher script to /src/ros2_ws/install/imu_publisher/lib/imu_publisher
[4.702s] writing list of installed files to '/src/ros2_ws/build/imu_publisher/install.log'
[4.817s] Invoked command in '/src/ros2_ws/src/imu_publisher' returned '0': PYTHONPATH=/src/ros2_ws/build/imu_publisher/prefix_override:/src/ros2_ws/install/imu_publisher/lib/python3.8/site-packages:${PYTHONPATH} /usr/bin/python3 setup.py egg_info --egg-base ../../build/imu_publisher build --build-base /src/ros2_ws/build/imu_publisher/build install --record /src/ros2_ws/build/imu_publisher/install.log --single-version-externally-managed
