[3.497s] Invoking command in '/src/ros2_ws/src/imu_publisher': PYTHONPATH=/src/ros2_ws/build/imu_publisher/prefix_override:/src/ros2_ws/install/imu_publisher/lib/python3.8/site-packages:${PYTHONPATH} /usr/bin/python3 setup.py egg_info --egg-base ../../build/imu_publisher build --build-base /src/ros2_ws/build/imu_publisher/build install --record /src/ros2_ws/build/imu_publisher/install.log --single-version-externally-managed
[4.346s] running egg_info
[4.379s] writing ../../build/imu_publisher/imu_publisher.egg-info/PKG-INFO
[4.380s] writing dependency_links to ../../build/imu_publisher/imu_publisher.egg-info/dependency_links.txt
[4.380s] writing entry points to ../../build/imu_publisher/imu_publisher.egg-info/entry_points.txt
[4.380s] writing requirements to ../../build/imu_publisher/imu_publisher.egg-info/requires.txt
[4.381s] writing top-level names to ../../build/imu_publisher/imu_publisher.egg-info/top_level.txt
[4.446s] reading manifest file '../../build/imu_publisher/imu_publisher.egg-info/SOURCES.txt'
[4.447s] writing manifest file '../../build/imu_publisher/imu_publisher.egg-info/SOURCES.txt'
[4.448s] running build
[4.448s] running build_py
[4.448s] running install
[4.459s] running install_lib
[4.493s] running install_data
[4.524s] running install_egg_info
[4.582s] removing '/src/ros2_ws/install/imu_publisher/lib/python3.8/site-packages/imu_publisher-0.0.0-py3.8.egg-info' (and everything under it)
[4.583s] Copying ../../build/imu_publisher/imu_publisher.egg-info to /src/ros2_ws/install/imu_publisher/lib/python3.8/site-packages/imu_publisher-0.0.0-py3.8.egg-info
[4.585s] running install_scripts
[4.712s] Installing publisher script to /src/ros2_ws/install/imu_publisher/lib/imu_publisher
[4.712s] writing list of installed files to '/src/ros2_ws/build/imu_publisher/install.log'
[4.819s] Invoked command in '/src/ros2_ws/src/imu_publisher' returned '0': PYTHONPATH=/src/ros2_ws/build/imu_publisher/prefix_override:/src/ros2_ws/install/imu_publisher/lib/python3.8/site-packages:${PYTHONPATH} /usr/bin/python3 setup.py egg_info --egg-base ../../build/imu_publisher build --build-base /src/ros2_ws/build/imu_publisher/build install --record /src/ros2_ws/build/imu_publisher/install.log --single-version-externally-managed
