[3.524s] Invoking command in '/src/ros2_ws/src/imu_publisher': PYTHONPATH=/src/ros2_ws/build/imu_publisher/prefix_override:/src/ros2_ws/install/imu_publisher/lib/python3.8/site-packages:${PYTHONPATH} /usr/bin/python3 setup.py egg_info --egg-base ../../build/imu_publisher build --build-base /src/ros2_ws/build/imu_publisher/build install --record /src/ros2_ws/build/imu_publisher/install.log --single-version-externally-managed
[4.378s] running egg_info
[4.411s] writing ../../build/imu_publisher/imu_publisher.egg-info/PKG-INFO
[4.412s] writing dependency_links to ../../build/imu_publisher/imu_publisher.egg-info/dependency_links.txt
[4.412s] writing entry points to ../../build/imu_publisher/imu_publisher.egg-info/entry_points.txt
[4.413s] writing requirements to ../../build/imu_publisher/imu_publisher.egg-info/requires.txt
[4.413s] writing top-level names to ../../build/imu_publisher/imu_publisher.egg-info/top_level.txt
[4.478s] reading manifest file '../../build/imu_publisher/imu_publisher.egg-info/SOURCES.txt'
[4.480s] writing manifest file '../../build/imu_publisher/imu_publisher.egg-info/SOURCES.txt'
[4.481s] running build
[4.481s] running build_py
[4.481s] running install
[4.492s] running install_lib
[4.526s] running install_data
[4.557s] running install_egg_info
[4.615s] removing '/src/ros2_ws/install/imu_publisher/lib/python3.8/site-packages/imu_publisher-0.0.0-py3.8.egg-info' (and everything under it)
[4.616s] Copying ../../build/imu_publisher/imu_publisher.egg-info to /src/ros2_ws/install/imu_publisher/lib/python3.8/site-packages/imu_publisher-0.0.0-py3.8.egg-info
[4.618s] running install_scripts
[4.744s] Installing publisher script to /src/ros2_ws/install/imu_publisher/lib/imu_publisher
[4.745s] writing list of installed files to '/src/ros2_ws/build/imu_publisher/install.log'
[4.849s] Invoked command in '/src/ros2_ws/src/imu_publisher' returned '0': PYTHONPATH=/src/ros2_ws/build/imu_publisher/prefix_override:/src/ros2_ws/install/imu_publisher/lib/python3.8/site-packages:${PYTHONPATH} /usr/bin/python3 setup.py egg_info --egg-base ../../build/imu_publisher build --build-base /src/ros2_ws/build/imu_publisher/build install --record /src/ros2_ws/build/imu_publisher/install.log --single-version-externally-managed
