[3.529s] Invoking command in '/src/ros2_ws/src/imu_publisher': PYTHONPATH=/src/ros2_ws/build/imu_publisher/prefix_override:/src/ros2_ws/install/imu_publisher/lib/python3.8/site-packages:${PYTHONPATH} /usr/bin/python3 setup.py egg_info --egg-base ../../build/imu_publisher build --build-base /src/ros2_ws/build/imu_publisher/build install --record /src/ros2_ws/build/imu_publisher/install.log --single-version-externally-managed
[4.411s] running egg_info
[4.445s] writing ../../build/imu_publisher/imu_publisher.egg-info/PKG-INFO
[4.445s] writing dependency_links to ../../build/imu_publisher/imu_publisher.egg-info/dependency_links.txt
[4.446s] writing entry points to ../../build/imu_publisher/imu_publisher.egg-info/entry_points.txt
[4.446s] writing requirements to ../../build/imu_publisher/imu_publisher.egg-info/requires.txt
[4.447s] writing top-level names to ../../build/imu_publisher/imu_publisher.egg-info/top_level.txt
[4.513s] reading manifest file '../../build/imu_publisher/imu_publisher.egg-info/SOURCES.txt'
[4.515s] writing manifest file '../../build/imu_publisher/imu_publisher.egg-info/SOURCES.txt'
[4.515s] running build
[4.516s] running build_py
[4.516s] running install
[4.527s] running install_lib
[4.561s] running install_data
[4.592s] running install_egg_info
[4.653s] removing '/src/ros2_ws/install/imu_publisher/lib/python3.8/site-packages/imu_publisher-0.0.0-py3.8.egg-info' (and everything under it)
[4.653s] Copying ../../build/imu_publisher/imu_publisher.egg-info to /src/ros2_ws/install/imu_publisher/lib/python3.8/site-packages/imu_publisher-0.0.0-py3.8.egg-info
[4.656s] running install_scripts
[4.784s] Installing publisher script to /src/ros2_ws/install/imu_publisher/lib/imu_publisher
[4.785s] writing list of installed files to '/src/ros2_ws/build/imu_publisher/install.log'
[4.900s] Invoked command in '/src/ros2_ws/src/imu_publisher' returned '0': PYTHONPATH=/src/ros2_ws/build/imu_publisher/prefix_override:/src/ros2_ws/install/imu_publisher/lib/python3.8/site-packages:${PYTHONPATH} /usr/bin/python3 setup.py egg_info --egg-base ../../build/imu_publisher build --build-base /src/ros2_ws/build/imu_publisher/build install --record /src/ros2_ws/build/imu_publisher/install.log --single-version-externally-managed
