[2.720s] Invoking command in '/src/ros2_ws/src/pixpubsub': LD_LIBRARY_PATH=/src/ros2_ws/install/pioneer_msgs/lib:/opt/ros/humble/opt/rviz_ogre_vendor/lib:/opt/ros/humble/lib/aarch64-linux-gnu:/opt/ros/humble/lib:/usr/lib/aarch64-linux-gnu/tegra/weston:/usr/lib/aarch64-linux-gnu/tegra-egl:/usr/local/cuda-11.4/targets/aarch64-linux/lib:/usr/lib/aarch64-linux-gnu/tegra:/opt/nvidia/vpi2/lib64:/usr/lib/aarch64-linux-gnu-host:/opt/tritonserver/lib PYTHONPATH=/src/ros2_ws/build/pixpubsub/prefix_override:/src/ros2_ws/install/pixpubsub/lib/python3.8/site-packages:/src/ros2_ws/install/pioneer_msgs/lib/python3.8/site-packages:/src/ros2_ws/install/pixpubsub/lib/python3.8/site-packages:/src/ros2_ws/install/imu_publisher/lib/python3.8/site-packages:/opt/ros/humble/lib/python3.8/site-packages /usr/bin/python3 setup.py egg_info --egg-base ../../build/pixpubsub build --build-base /src/ros2_ws/build/pixpubsub/build install --record /src/ros2_ws/build/pixpubsub/install.log --single-version-externally-managed
[3.586s] running egg_info
[3.619s] writing ../../build/pixpubsub/pixpubsub.egg-info/PKG-INFO
[3.622s] writing dependency_links to ../../build/pixpubsub/pixpubsub.egg-info/dependency_links.txt
[3.622s] writing entry points to ../../build/pixpubsub/pixpubsub.egg-info/entry_points.txt
[3.622s] writing requirements to ../../build/pixpubsub/pixpubsub.egg-info/requires.txt
[3.622s] writing top-level names to ../../build/pixpubsub/pixpubsub.egg-info/top_level.txt
[3.687s] reading manifest file '../../build/pixpubsub/pixpubsub.egg-info/SOURCES.txt'
[3.688s] writing manifest file '../../build/pixpubsub/pixpubsub.egg-info/SOURCES.txt'
[3.689s] running build
[3.689s] running build_py
[3.690s] copying pixpubsub/pressure_sensor_subscriber.py -> /src/ros2_ws/build/pixpubsub/build/lib/pixpubsub
[3.691s] running install
[3.702s] running install_lib
[3.735s] copying /src/ros2_ws/build/pixpubsub/build/lib/pixpubsub/pressure_sensor_subscriber.py -> /src/ros2_ws/install/pixpubsub/lib/python3.8/site-packages/pixpubsub
[3.736s] byte-compiling /src/ros2_ws/install/pixpubsub/lib/python3.8/site-packages/pixpubsub/pressure_sensor_subscriber.py to pressure_sensor_subscriber.cpython-38.pyc
[3.737s] running install_data
[3.770s] running install_egg_info
[3.830s] removing '/src/ros2_ws/install/pixpubsub/lib/python3.8/site-packages/pixpubsub-0.0.0-py3.8.egg-info' (and everything under it)
[3.831s] Copying ../../build/pixpubsub/pixpubsub.egg-info to /src/ros2_ws/install/pixpubsub/lib/python3.8/site-packages/pixpubsub-0.0.0-py3.8.egg-info
[3.833s] running install_scripts
[3.964s] Installing Depth_node script to /src/ros2_ws/install/pixpubsub/lib/pixpubsub
[3.965s] Installing pixhawk_worker script to /src/ros2_ws/install/pixpubsub/lib/pixpubsub
[3.965s] Installing testing_node script to /src/ros2_ws/install/pixpubsub/lib/pixpubsub
[3.966s] writing list of installed files to '/src/ros2_ws/build/pixpubsub/install.log'
[4.074s] Invoked command in '/src/ros2_ws/src/pixpubsub' returned '0': LD_LIBRARY_PATH=/src/ros2_ws/install/pioneer_msgs/lib:/opt/ros/humble/opt/rviz_ogre_vendor/lib:/opt/ros/humble/lib/aarch64-linux-gnu:/opt/ros/humble/lib:/usr/lib/aarch64-linux-gnu/tegra/weston:/usr/lib/aarch64-linux-gnu/tegra-egl:/usr/local/cuda-11.4/targets/aarch64-linux/lib:/usr/lib/aarch64-linux-gnu/tegra:/opt/nvidia/vpi2/lib64:/usr/lib/aarch64-linux-gnu-host:/opt/tritonserver/lib PYTHONPATH=/src/ros2_ws/build/pixpubsub/prefix_override:/src/ros2_ws/install/pixpubsub/lib/python3.8/site-packages:/src/ros2_ws/install/pioneer_msgs/lib/python3.8/site-packages:/src/ros2_ws/install/pixpubsub/lib/python3.8/site-packages:/src/ros2_ws/install/imu_publisher/lib/python3.8/site-packages:/opt/ros/humble/lib/python3.8/site-packages /usr/bin/python3 setup.py egg_info --egg-base ../../build/pixpubsub build --build-base /src/ros2_ws/build/pixpubsub/build install --record /src/ros2_ws/build/pixpubsub/install.log --single-version-externally-managed
