[2.504s] Invoking command in '/src/ros2_ws/build/pioneer_msgs': CMAKE_PREFIX_PATH=${CMAKE_PREFIX_PATH}:/src/ros2_ws/install/pixpubsub:/src/ros2_ws/install/imu_publisher:/opt/ros/humble /usr/bin/cmake --build /src/ros2_ws/build/pioneer_msgs -- -j6 -l6
[2.626s] -- Found ament_cmake: 1.3.6 (/opt/ros/humble/share/ament_cmake/cmake)
[2.982s] -- Found rosidl_default_generators: 1.2.0 (/opt/ros/humble/share/rosidl_default_generators/cmake)
[2.989s] -- Using all available rosidl_typesupport_c: rosidl_typesupport_fastrtps_c;rosidl_typesupport_introspection_c
[2.996s] -- Found rosidl_adapter: 3.1.5 (/opt/ros/humble/share/rosidl_adapter/cmake)
[3.087s] -- Using all available rosidl_typesupport_cpp: rosidl_typesupport_fastrtps_cpp;rosidl_typesupport_introspection_cpp
[3.161s] -- Found rosidl_default_runtime: 1.2.0 (/opt/ros/humble/share/rosidl_default_runtime/cmake)
[3.166s] -- Found std_msgs: 4.2.3 (/opt/ros/humble/share/std_msgs/cmake)
[3.290s] -- Found geometry_msgs: 4.2.3 (/opt/ros/humble/share/geometry_msgs/cmake)
[4.073s] -- Found ament_cmake_cppcheck: 0.12.9 (/opt/ros/humble/share/ament_cmake_cppcheck/cmake)
[4.077s] -- Found ament_cmake_cpplint: 0.12.9 (/opt/ros/humble/share/ament_cmake_cpplint/cmake)
[4.082s] -- Found ament_cmake_uncrustify: 0.12.9 (/opt/ros/humble/share/ament_cmake_uncrustify/cmake)
[4.086s] -- Found ament_cmake_ros: 0.10.0 (/opt/ros/humble/share/ament_cmake_ros/cmake)
[4.522s] -- Using all available rosidl_typesupport_c: rosidl_typesupport_fastrtps_c;rosidl_typesupport_introspection_c
[5.174s] -- Using all available rosidl_typesupport_cpp: rosidl_typesupport_fastrtps_cpp;rosidl_typesupport_introspection_cpp
[5.255s] -- Found python_cmake_module: 0.10.0 (/opt/ros/humble/share/python_cmake_module/cmake)
[5.332s] -- Using PYTHON_EXECUTABLE: /usr/bin/python3
[5.332s] -- Using PYTHON_INCLUDE_DIRS: /usr/include/python3.8
[5.332s] -- Using PYTHON_LIBRARIES: /usr/lib/aarch64-linux-gnu/libpython3.8.so
[5.429s] -- Found ament_cmake_flake8: 0.12.9 (/opt/ros/humble/share/ament_cmake_flake8/cmake)
[5.430s] -- Found ament_cmake_pep257: 0.12.9 (/opt/ros/humble/share/ament_cmake_pep257/cmake)
[5.451s] -- Configuring done
[5.567s] -- Generating done
[5.579s] -- Build files have been written to: /src/ros2_ws/build/pioneer_msgs
[5.637s] [35m[1mConsolidate compiler generated dependencies of target pioneer_msgs__rosidl_generator_c[0m
[5.661s] [  2%] Built target pioneer_msgs__cpp
[5.676s] [  4%] [32mBuilding C object CMakeFiles/pioneer_msgs__rosidl_generator_c.dir/rosidl_generator_c/pioneer_msgs/msg/detail/motion_command__functions.c.o[0m
[5.678s] [  6%] [32mBuilding C object CMakeFiles/pioneer_msgs__rosidl_generator_c.dir/rosidl_generator_c/pioneer_msgs/msg/detail/status__functions.c.o[0m
[5.680s] [  6%] Built target ament_cmake_python_copy_pioneer_msgs
[5.682s] [  8%] [32mBuilding C object CMakeFiles/pioneer_msgs__rosidl_generator_c.dir/rosidl_generator_c/pioneer_msgs/msg/detail/auv_state__functions.c.o[0m
[5.696s] [35m[1mConsolidate compiler generated dependencies of target pioneer_msgs__rosidl_typesupport_cpp[0m
[5.699s] [35m[1mConsolidate compiler generated dependencies of target pioneer_msgs__rosidl_typesupport_fastrtps_cpp[0m
[5.715s] [35m[1mConsolidate compiler generated dependencies of target pioneer_msgs__rosidl_typesupport_introspection_cpp[0m
[5.748s] [ 10%] [32mBuilding CXX object CMakeFiles/pioneer_msgs__rosidl_typesupport_cpp.dir/rosidl_typesupport_cpp/pioneer_msgs/msg/motion_command__type_support.cpp.o[0m
[5.763s] [ 12%] [32mBuilding CXX object CMakeFiles/pioneer_msgs__rosidl_typesupport_introspection_cpp.dir/rosidl_typesupport_introspection_cpp/pioneer_msgs/msg/detail/motion_command__type_support.cpp.o[0m
[5.763s] [ 14%] [32mBuilding CXX object CMakeFiles/pioneer_msgs__rosidl_typesupport_fastrtps_cpp.dir/rosidl_typesupport_fastrtps_cpp/pioneer_msgs/msg/detail/dds_fastrtps/motion_command__type_support.cpp.o[0m
[5.951s] [ 17%] [32mBuilding CXX object CMakeFiles/pioneer_msgs__rosidl_typesupport_fastrtps_cpp.dir/rosidl_typesupport_fastrtps_cpp/pioneer_msgs/msg/detail/dds_fastrtps/status__type_support.cpp.o[0m
[6.003s] [ 19%] [32m[1mLinking C shared library libpioneer_msgs__rosidl_generator_c.so[0m
[6.010s] [ 21%] [32mBuilding CXX object CMakeFiles/pioneer_msgs__rosidl_typesupport_introspection_cpp.dir/rosidl_typesupport_introspection_cpp/pioneer_msgs/msg/detail/status__type_support.cpp.o[0m
[6.245s] [ 23%] Built target pioneer_msgs__rosidl_generator_c
[7.047s] [ 25%] [32mBuilding CXX object CMakeFiles/pioneer_msgs__rosidl_typesupport_cpp.dir/rosidl_typesupport_cpp/pioneer_msgs/msg/status__type_support.cpp.o[0m
[7.851s] [ 27%] [32mBuilding CXX object CMakeFiles/pioneer_msgs__rosidl_typesupport_introspection_cpp.dir/rosidl_typesupport_introspection_cpp/pioneer_msgs/msg/detail/auv_state__type_support.cpp.o[0m
[8.057s] [ 29%] [32mBuilding CXX object CMakeFiles/pioneer_msgs__rosidl_typesupport_fastrtps_cpp.dir/rosidl_typesupport_fastrtps_cpp/pioneer_msgs/msg/detail/dds_fastrtps/auv_state__type_support.cpp.o[0m
[8.082s] [ 31%] [32mBuilding CXX object CMakeFiles/pioneer_msgs__rosidl_typesupport_cpp.dir/rosidl_typesupport_cpp/pioneer_msgs/msg/auv_state__type_support.cpp.o[0m
[8.127s] running egg_info
[8.193s] writing pioneer_msgs.egg-info/PKG-INFO
[8.196s] writing dependency_links to pioneer_msgs.egg-info/dependency_links.txt
[8.199s] writing top-level names to pioneer_msgs.egg-info/top_level.txt
[8.329s] reading manifest file 'pioneer_msgs.egg-info/SOURCES.txt'
[8.332s] writing manifest file 'pioneer_msgs.egg-info/SOURCES.txt'
[8.661s] [ 31%] Built target ament_cmake_python_build_pioneer_msgs_egg
[8.692s] [35m[1mConsolidate compiler generated dependencies of target pioneer_msgs__rosidl_typesupport_introspection_c[0m
[8.693s] [35m[1mConsolidate compiler generated dependencies of target pioneer_msgs__rosidl_typesupport_fastrtps_c[0m
[8.720s] [35m[1mConsolidate compiler generated dependencies of target pioneer_msgs__rosidl_typesupport_c[0m
[8.735s] [ 34%] [32mBuilding C object CMakeFiles/pioneer_msgs__rosidl_typesupport_introspection_c.dir/rosidl_typesupport_introspection_c/pioneer_msgs/msg/detail/motion_command__type_support.c.o[0m
[8.746s] [ 36%] [32mBuilding CXX object CMakeFiles/pioneer_msgs__rosidl_typesupport_fastrtps_c.dir/rosidl_typesupport_fastrtps_c/pioneer_msgs/msg/detail/motion_command__type_support_c.cpp.o[0m
[8.764s] [ 38%] [32mBuilding CXX object CMakeFiles/pioneer_msgs__rosidl_typesupport_c.dir/rosidl_typesupport_c/pioneer_msgs/msg/motion_command__type_support.cpp.o[0m
[8.907s] [ 40%] [32mBuilding C object CMakeFiles/pioneer_msgs__rosidl_typesupport_introspection_c.dir/rosidl_typesupport_introspection_c/pioneer_msgs/msg/detail/status__type_support.c.o[0m
[8.953s] [ 42%] [32mBuilding CXX object CMakeFiles/pioneer_msgs__rosidl_typesupport_c.dir/rosidl_typesupport_c/pioneer_msgs/msg/status__type_support.cpp.o[0m
[9.023s] [ 44%] [32m[1mLinking CXX shared library libpioneer_msgs__rosidl_typesupport_cpp.so[0m
[9.054s] [ 46%] [32mBuilding C object CMakeFiles/pioneer_msgs__rosidl_typesupport_introspection_c.dir/rosidl_typesupport_introspection_c/pioneer_msgs/msg/detail/auv_state__type_support.c.o[0m
[9.097s] [ 48%] [32mBuilding CXX object CMakeFiles/pioneer_msgs__rosidl_typesupport_c.dir/rosidl_typesupport_c/pioneer_msgs/msg/auv_state__type_support.cpp.o[0m
[9.186s] [ 51%] Built target pioneer_msgs__rosidl_typesupport_cpp
[9.217s] [ 55%] [32mBuilding CXX object CMakeFiles/pioneer_msgs__rosidl_typesupport_fastrtps_c.dir/rosidl_typesupport_fastrtps_c/pioneer_msgs/msg/detail/status__type_support_c.cpp.o[0m
[9.218s] [ 55%] [32m[1mLinking C shared library libpioneer_msgs__rosidl_typesupport_introspection_c.so[0m
[9.241s] [ 57%] [32m[1mLinking CXX shared library libpioneer_msgs__rosidl_typesupport_c.so[0m
[9.316s] [ 59%] Built target pioneer_msgs__rosidl_typesupport_introspection_c
[9.331s] [ 61%] [32mBuilding CXX object CMakeFiles/pioneer_msgs__rosidl_typesupport_fastrtps_c.dir/rosidl_typesupport_fastrtps_c/pioneer_msgs/msg/detail/auv_state__type_support_c.cpp.o[0m
[9.361s] [ 63%] Built target pioneer_msgs__rosidl_typesupport_c
[9.504s] [ 65%] [32m[1mLinking CXX shared library libpioneer_msgs__rosidl_typesupport_introspection_cpp.so[0m
[9.743s] [ 68%] Built target pioneer_msgs__rosidl_typesupport_introspection_cpp
[9.827s] [ 70%] [32m[1mLinking CXX shared library libpioneer_msgs__rosidl_typesupport_fastrtps_cpp.so[0m
[10.062s] [ 72%] Built target pioneer_msgs__rosidl_typesupport_fastrtps_cpp
[10.341s] [ 74%] [32m[1mLinking CXX shared library libpioneer_msgs__rosidl_typesupport_fastrtps_c.so[0m
[10.512s] [ 76%] Built target pioneer_msgs__rosidl_typesupport_fastrtps_c
[10.544s] [ 76%] Built target pioneer_msgs
[10.583s] [ 78%] Built target pioneer_msgs__py
[10.599s] [35m[1mConsolidate compiler generated dependencies of target pioneer_msgs__rosidl_generator_py[0m
[10.627s] [ 82%] [32mBuilding C object CMakeFiles/pioneer_msgs__rosidl_generator_py.dir/rosidl_generator_py/pioneer_msgs/msg/_status_s.c.o[0m
[10.628s] [ 82%] [32mBuilding C object CMakeFiles/pioneer_msgs__rosidl_generator_py.dir/rosidl_generator_py/pioneer_msgs/msg/_motion_command_s.c.o[0m
[10.629s] [ 85%] [32mBuilding C object CMakeFiles/pioneer_msgs__rosidl_generator_py.dir/rosidl_generator_py/pioneer_msgs/msg/_auv_state_s.c.o[0m
[10.923s] [ 87%] [32m[1mLinking C shared library rosidl_generator_py/pioneer_msgs/libpioneer_msgs__rosidl_generator_py.so[0m
[11.011s] [ 87%] Built target pioneer_msgs__rosidl_generator_py
[11.027s] [35m[1mConsolidate compiler generated dependencies of target pioneer_msgs__rosidl_typesupport_fastrtps_c__pyext[0m
[11.027s] [35m[1mConsolidate compiler generated dependencies of target pioneer_msgs__rosidl_typesupport_introspection_c__pyext[0m
[11.027s] [35m[1mConsolidate compiler generated dependencies of target pioneer_msgs__rosidl_typesupport_c__pyext[0m
[11.053s] [ 93%] [32mBuilding C object CMakeFiles/pioneer_msgs__rosidl_typesupport_fastrtps_c__pyext.dir/rosidl_generator_py/pioneer_msgs/_pioneer_msgs_s.ep.rosidl_typesupport_fastrtps_c.c.o[0m
[11.054s] [ 93%] [32mBuilding C object CMakeFiles/pioneer_msgs__rosidl_typesupport_c__pyext.dir/rosidl_generator_py/pioneer_msgs/_pioneer_msgs_s.ep.rosidl_typesupport_c.c.o[0m
[11.054s] [ 93%] [32mBuilding C object CMakeFiles/pioneer_msgs__rosidl_typesupport_introspection_c__pyext.dir/rosidl_generator_py/pioneer_msgs/_pioneer_msgs_s.ep.rosidl_typesupport_introspection_c.c.o[0m
[11.341s] [ 95%] [32m[1mLinking C shared library rosidl_generator_py/pioneer_msgs/pioneer_msgs_s__rosidl_typesupport_c.cpython-38-aarch64-linux-gnu.so[0m
[11.342s] [100%] [32m[1mLinking C shared library rosidl_generator_py/pioneer_msgs/pioneer_msgs_s__rosidl_typesupport_introspection_c.cpython-38-aarch64-linux-gnu.so[0m
[11.342s] [100%] [32m[1mLinking C shared library rosidl_generator_py/pioneer_msgs/pioneer_msgs_s__rosidl_typesupport_fastrtps_c.cpython-38-aarch64-linux-gnu.so[0m
[11.438s] [100%] Built target pioneer_msgs__rosidl_typesupport_c__pyext
[11.439s] [100%] Built target pioneer_msgs__rosidl_typesupport_introspection_c__pyext
[11.445s] [100%] Built target pioneer_msgs__rosidl_typesupport_fastrtps_c__pyext
[11.465s] Invoked command in '/src/ros2_ws/build/pioneer_msgs' returned '0': CMAKE_PREFIX_PATH=${CMAKE_PREFIX_PATH}:/src/ros2_ws/install/pixpubsub:/src/ros2_ws/install/imu_publisher:/opt/ros/humble /usr/bin/cmake --build /src/ros2_ws/build/pioneer_msgs -- -j6 -l6
[11.753s] Invoking command in '/src/ros2_ws/build/pioneer_msgs': CMAKE_PREFIX_PATH=${CMAKE_PREFIX_PATH}:/src/ros2_ws/install/pixpubsub:/src/ros2_ws/install/imu_publisher:/opt/ros/humble /usr/bin/cmake --install /src/ros2_ws/build/pioneer_msgs
[11.769s] -- Install configuration: ""
[11.770s] -- Up-to-date: /src/ros2_ws/install/pioneer_msgs/share/ament_index/resource_index/rosidl_interfaces/pioneer_msgs
[11.770s] -- Up-to-date: /src/ros2_ws/install/pioneer_msgs/include/pioneer_msgs/pioneer_msgs
[11.770s] -- Up-to-date: /src/ros2_ws/install/pioneer_msgs/include/pioneer_msgs/pioneer_msgs/msg
[11.770s] -- Up-to-date: /src/ros2_ws/install/pioneer_msgs/include/pioneer_msgs/pioneer_msgs/msg/detail
[11.771s] -- Up-to-date: /src/ros2_ws/install/pioneer_msgs/include/pioneer_msgs/pioneer_msgs/msg/detail/auv_state__type_support.h
[11.771s] -- Up-to-date: /src/ros2_ws/install/pioneer_msgs/include/pioneer_msgs/pioneer_msgs/msg/detail/auv_state__struct.h
[11.771s] -- Up-to-date: /src/ros2_ws/install/pioneer_msgs/include/pioneer_msgs/pioneer_msgs/msg/detail/motion_command__struct.h
[11.771s] -- Up-to-date: /src/ros2_ws/install/pioneer_msgs/include/pioneer_msgs/pioneer_msgs/msg/detail/motion_command__type_support.h
[11.771s] -- Up-to-date: /src/ros2_ws/install/pioneer_msgs/include/pioneer_msgs/pioneer_msgs/msg/detail/auv_state__functions.h
[11.771s] -- Up-to-date: /src/ros2_ws/install/pioneer_msgs/include/pioneer_msgs/pioneer_msgs/msg/detail/status__type_support.h
[11.772s] -- Up-to-date: /src/ros2_ws/install/pioneer_msgs/include/pioneer_msgs/pioneer_msgs/msg/detail/status__functions.h
[11.772s] -- Up-to-date: /src/ros2_ws/install/pioneer_msgs/include/pioneer_msgs/pioneer_msgs/msg/detail/auv_state__functions.c
[11.772s] -- Up-to-date: /src/ros2_ws/install/pioneer_msgs/include/pioneer_msgs/pioneer_msgs/msg/detail/status__functions.c
[11.772s] -- Up-to-date: /src/ros2_ws/install/pioneer_msgs/include/pioneer_msgs/pioneer_msgs/msg/detail/status__struct.h
[11.772s] -- Up-to-date: /src/ros2_ws/install/pioneer_msgs/include/pioneer_msgs/pioneer_msgs/msg/detail/motion_command__functions.c
[11.773s] -- Up-to-date: /src/ros2_ws/install/pioneer_msgs/include/pioneer_msgs/pioneer_msgs/msg/detail/motion_command__functions.h
[11.773s] -- Up-to-date: /src/ros2_ws/install/pioneer_msgs/include/pioneer_msgs/pioneer_msgs/msg/motion_command.h
[11.773s] -- Up-to-date: /src/ros2_ws/install/pioneer_msgs/include/pioneer_msgs/pioneer_msgs/msg/auv_state.h
[11.773s] -- Up-to-date: /src/ros2_ws/install/pioneer_msgs/include/pioneer_msgs/pioneer_msgs/msg/status.h
[11.773s] -- Up-to-date: /src/ros2_ws/install/pioneer_msgs/include/pioneer_msgs/pioneer_msgs/msg/rosidl_generator_c__visibility_control.h
[11.774s] -- Installing: /src/ros2_ws/install/pioneer_msgs/share/pioneer_msgs/environment/library_path.sh
[11.774s] -- Installing: /src/ros2_ws/install/pioneer_msgs/share/pioneer_msgs/environment/library_path.dsv
[11.774s] -- Installing: /src/ros2_ws/install/pioneer_msgs/lib/libpioneer_msgs__rosidl_generator_c.so
[11.774s] -- Set runtime path of "/src/ros2_ws/install/pioneer_msgs/lib/libpioneer_msgs__rosidl_generator_c.so" to ""
[11.774s] -- Up-to-date: /src/ros2_ws/install/pioneer_msgs/include/pioneer_msgs/pioneer_msgs
[11.774s] -- Up-to-date: /src/ros2_ws/install/pioneer_msgs/include/pioneer_msgs/pioneer_msgs/msg
[11.775s] -- Up-to-date: /src/ros2_ws/install/pioneer_msgs/include/pioneer_msgs/pioneer_msgs/msg/detail
[11.775s] -- Up-to-date: /src/ros2_ws/install/pioneer_msgs/include/pioneer_msgs/pioneer_msgs/msg/detail/motion_command__rosidl_typesupport_fastrtps_c.h
[11.775s] -- Up-to-date: /src/ros2_ws/install/pioneer_msgs/include/pioneer_msgs/pioneer_msgs/msg/detail/auv_state__rosidl_typesupport_fastrtps_c.h
[11.775s] -- Up-to-date: /src/ros2_ws/install/pioneer_msgs/include/pioneer_msgs/pioneer_msgs/msg/detail/status__rosidl_typesupport_fastrtps_c.h
[11.775s] -- Up-to-date: /src/ros2_ws/install/pioneer_msgs/include/pioneer_msgs/pioneer_msgs/msg/rosidl_typesupport_fastrtps_c__visibility_control.h
[11.775s] -- Installing: /src/ros2_ws/install/pioneer_msgs/lib/libpioneer_msgs__rosidl_typesupport_fastrtps_c.so
[11.776s] -- Set runtime path of "/src/ros2_ws/install/pioneer_msgs/lib/libpioneer_msgs__rosidl_typesupport_fastrtps_c.so" to ""
[11.776s] -- Up-to-date: /src/ros2_ws/install/pioneer_msgs/include/pioneer_msgs/pioneer_msgs
[11.776s] -- Up-to-date: /src/ros2_ws/install/pioneer_msgs/include/pioneer_msgs/pioneer_msgs/msg
[11.776s] -- Up-to-date: /src/ros2_ws/install/pioneer_msgs/include/pioneer_msgs/pioneer_msgs/msg/detail
[11.776s] -- Up-to-date: /src/ros2_ws/install/pioneer_msgs/include/pioneer_msgs/pioneer_msgs/msg/detail/status__rosidl_typesupport_introspection_c.h
[11.776s] -- Up-to-date: /src/ros2_ws/install/pioneer_msgs/include/pioneer_msgs/pioneer_msgs/msg/detail/auv_state__rosidl_typesupport_introspection_c.h
[11.777s] -- Up-to-date: /src/ros2_ws/install/pioneer_msgs/include/pioneer_msgs/pioneer_msgs/msg/detail/motion_command__rosidl_typesupport_introspection_c.h
[11.777s] -- Up-to-date: /src/ros2_ws/install/pioneer_msgs/include/pioneer_msgs/pioneer_msgs/msg/detail/motion_command__type_support.c
[11.777s] -- Up-to-date: /src/ros2_ws/install/pioneer_msgs/include/pioneer_msgs/pioneer_msgs/msg/detail/status__type_support.c
[11.777s] -- Up-to-date: /src/ros2_ws/install/pioneer_msgs/include/pioneer_msgs/pioneer_msgs/msg/detail/auv_state__type_support.c
[11.777s] -- Up-to-date: /src/ros2_ws/install/pioneer_msgs/include/pioneer_msgs/pioneer_msgs/msg/rosidl_typesupport_introspection_c__visibility_control.h
[11.777s] -- Installing: /src/ros2_ws/install/pioneer_msgs/lib/libpioneer_msgs__rosidl_typesupport_introspection_c.so
[11.777s] -- Set runtime path of "/src/ros2_ws/install/pioneer_msgs/lib/libpioneer_msgs__rosidl_typesupport_introspection_c.so" to ""
[11.778s] -- Installing: /src/ros2_ws/install/pioneer_msgs/lib/libpioneer_msgs__rosidl_typesupport_c.so
[11.779s] -- Set runtime path of "/src/ros2_ws/install/pioneer_msgs/lib/libpioneer_msgs__rosidl_typesupport_c.so" to ""
[11.779s] -- Up-to-date: /src/ros2_ws/install/pioneer_msgs/include/pioneer_msgs/pioneer_msgs
[11.779s] -- Up-to-date: /src/ros2_ws/install/pioneer_msgs/include/pioneer_msgs/pioneer_msgs/msg
[11.780s] -- Up-to-date: /src/ros2_ws/install/pioneer_msgs/include/pioneer_msgs/pioneer_msgs/msg/motion_command.hpp
[11.780s] -- Up-to-date: /src/ros2_ws/install/pioneer_msgs/include/pioneer_msgs/pioneer_msgs/msg/detail
[11.780s] -- Up-to-date: /src/ros2_ws/install/pioneer_msgs/include/pioneer_msgs/pioneer_msgs/msg/detail/status__traits.hpp
[11.780s] -- Up-to-date: /src/ros2_ws/install/pioneer_msgs/include/pioneer_msgs/pioneer_msgs/msg/detail/status__builder.hpp
[11.780s] -- Up-to-date: /src/ros2_ws/install/pioneer_msgs/include/pioneer_msgs/pioneer_msgs/msg/detail/motion_command__builder.hpp
[11.780s] -- Up-to-date: /src/ros2_ws/install/pioneer_msgs/include/pioneer_msgs/pioneer_msgs/msg/detail/motion_command__traits.hpp
[11.780s] -- Up-to-date: /src/ros2_ws/install/pioneer_msgs/include/pioneer_msgs/pioneer_msgs/msg/detail/status__struct.hpp
[11.781s] -- Up-to-date: /src/ros2_ws/install/pioneer_msgs/include/pioneer_msgs/pioneer_msgs/msg/detail/motion_command__struct.hpp
[11.781s] -- Up-to-date: /src/ros2_ws/install/pioneer_msgs/include/pioneer_msgs/pioneer_msgs/msg/detail/auv_state__struct.hpp
[11.781s] -- Up-to-date: /src/ros2_ws/install/pioneer_msgs/include/pioneer_msgs/pioneer_msgs/msg/detail/auv_state__traits.hpp
[11.781s] -- Up-to-date: /src/ros2_ws/install/pioneer_msgs/include/pioneer_msgs/pioneer_msgs/msg/detail/auv_state__builder.hpp
[11.781s] -- Up-to-date: /src/ros2_ws/install/pioneer_msgs/include/pioneer_msgs/pioneer_msgs/msg/status.hpp
[11.782s] -- Up-to-date: /src/ros2_ws/install/pioneer_msgs/include/pioneer_msgs/pioneer_msgs/msg/auv_state.hpp
[11.782s] -- Up-to-date: /src/ros2_ws/install/pioneer_msgs/include/pioneer_msgs/pioneer_msgs
[11.782s] -- Up-to-date: /src/ros2_ws/install/pioneer_msgs/include/pioneer_msgs/pioneer_msgs/msg
[11.782s] -- Up-to-date: /src/ros2_ws/install/pioneer_msgs/include/pioneer_msgs/pioneer_msgs/msg/detail
[11.782s] -- Up-to-date: /src/ros2_ws/install/pioneer_msgs/include/pioneer_msgs/pioneer_msgs/msg/detail/auv_state__rosidl_typesupport_fastrtps_cpp.hpp
[11.782s] -- Up-to-date: /src/ros2_ws/install/pioneer_msgs/include/pioneer_msgs/pioneer_msgs/msg/detail/status__rosidl_typesupport_fastrtps_cpp.hpp
[11.782s] -- Up-to-date: /src/ros2_ws/install/pioneer_msgs/include/pioneer_msgs/pioneer_msgs/msg/detail/motion_command__rosidl_typesupport_fastrtps_cpp.hpp
[11.783s] -- Installing: /src/ros2_ws/install/pioneer_msgs/include/pioneer_msgs/pioneer_msgs/msg/detail/dds_fastrtps
[11.783s] -- Up-to-date: /src/ros2_ws/install/pioneer_msgs/include/pioneer_msgs/pioneer_msgs/msg/rosidl_typesupport_fastrtps_cpp__visibility_control.h
[11.783s] -- Installing: /src/ros2_ws/install/pioneer_msgs/lib/libpioneer_msgs__rosidl_typesupport_fastrtps_cpp.so
[11.783s] -- Set runtime path of "/src/ros2_ws/install/pioneer_msgs/lib/libpioneer_msgs__rosidl_typesupport_fastrtps_cpp.so" to ""
[11.783s] -- Up-to-date: /src/ros2_ws/install/pioneer_msgs/include/pioneer_msgs/pioneer_msgs
[11.784s] -- Up-to-date: /src/ros2_ws/install/pioneer_msgs/include/pioneer_msgs/pioneer_msgs/msg
[11.784s] -- Up-to-date: /src/ros2_ws/install/pioneer_msgs/include/pioneer_msgs/pioneer_msgs/msg/detail
[11.784s] -- Up-to-date: /src/ros2_ws/install/pioneer_msgs/include/pioneer_msgs/pioneer_msgs/msg/detail/motion_command__rosidl_typesupport_introspection_cpp.hpp
[11.784s] -- Up-to-date: /src/ros2_ws/install/pioneer_msgs/include/pioneer_msgs/pioneer_msgs/msg/detail/auv_state__type_support.cpp
[11.784s] -- Up-to-date: /src/ros2_ws/install/pioneer_msgs/include/pioneer_msgs/pioneer_msgs/msg/detail/auv_state__rosidl_typesupport_introspection_cpp.hpp
[11.784s] -- Up-to-date: /src/ros2_ws/install/pioneer_msgs/include/pioneer_msgs/pioneer_msgs/msg/detail/status__rosidl_typesupport_introspection_cpp.hpp
[11.785s] -- Up-to-date: /src/ros2_ws/install/pioneer_msgs/include/pioneer_msgs/pioneer_msgs/msg/detail/motion_command__type_support.cpp
[11.785s] -- Up-to-date: /src/ros2_ws/install/pioneer_msgs/include/pioneer_msgs/pioneer_msgs/msg/detail/status__type_support.cpp
[11.785s] -- Installing: /src/ros2_ws/install/pioneer_msgs/lib/libpioneer_msgs__rosidl_typesupport_introspection_cpp.so
[11.785s] -- Set runtime path of "/src/ros2_ws/install/pioneer_msgs/lib/libpioneer_msgs__rosidl_typesupport_introspection_cpp.so" to ""
[11.785s] -- Installing: /src/ros2_ws/install/pioneer_msgs/lib/libpioneer_msgs__rosidl_typesupport_cpp.so
[11.785s] -- Set runtime path of "/src/ros2_ws/install/pioneer_msgs/lib/libpioneer_msgs__rosidl_typesupport_cpp.so" to ""
[11.785s] -- Up-to-date: /src/ros2_ws/install/pioneer_msgs/share/pioneer_msgs/environment/pythonpath.sh
[11.786s] -- Installing: /src/ros2_ws/install/pioneer_msgs/share/pioneer_msgs/environment/pythonpath.dsv
[11.786s] -- Up-to-date: /src/ros2_ws/install/pioneer_msgs/lib/python3.8/site-packages/pioneer_msgs-0.0.0-py3.8.egg-info
[11.786s] -- Installing: /src/ros2_ws/install/pioneer_msgs/lib/python3.8/site-packages/pioneer_msgs-0.0.0-py3.8.egg-info/top_level.txt
[11.786s] -- Installing: /src/ros2_ws/install/pioneer_msgs/lib/python3.8/site-packages/pioneer_msgs-0.0.0-py3.8.egg-info/dependency_links.txt
[11.786s] -- Installing: /src/ros2_ws/install/pioneer_msgs/lib/python3.8/site-packages/pioneer_msgs-0.0.0-py3.8.egg-info/SOURCES.txt
[11.786s] -- Installing: /src/ros2_ws/install/pioneer_msgs/lib/python3.8/site-packages/pioneer_msgs-0.0.0-py3.8.egg-info/PKG-INFO
[11.787s] -- Up-to-date: /src/ros2_ws/install/pioneer_msgs/lib/python3.8/site-packages/pioneer_msgs
[11.787s] -- Installing: /src/ros2_ws/install/pioneer_msgs/lib/python3.8/site-packages/pioneer_msgs/libpioneer_msgs__rosidl_generator_py.so
[11.787s] -- Installing: /src/ros2_ws/install/pioneer_msgs/lib/python3.8/site-packages/pioneer_msgs/pioneer_msgs_s__rosidl_typesupport_fastrtps_c.cpython-38-aarch64-linux-gnu.so
[11.787s] -- Up-to-date: /src/ros2_ws/install/pioneer_msgs/lib/python3.8/site-packages/pioneer_msgs/_pioneer_msgs_s.ep.rosidl_typesupport_c.c
[11.787s] -- Installing: /src/ros2_ws/install/pioneer_msgs/lib/python3.8/site-packages/pioneer_msgs/pioneer_msgs_s__rosidl_typesupport_introspection_c.cpython-38-aarch64-linux-gnu.so
[11.787s] -- Installing: /src/ros2_ws/install/pioneer_msgs/lib/python3.8/site-packages/pioneer_msgs/__init__.py
[11.787s] -- Up-to-date: /src/ros2_ws/install/pioneer_msgs/lib/python3.8/site-packages/pioneer_msgs/msg
[11.787s] -- Up-to-date: /src/ros2_ws/install/pioneer_msgs/lib/python3.8/site-packages/pioneer_msgs/msg/_motion_command_s.c
[11.788s] -- Up-to-date: /src/ros2_ws/install/pioneer_msgs/lib/python3.8/site-packages/pioneer_msgs/msg/__init__.py
[11.788s] -- Up-to-date: /src/ros2_ws/install/pioneer_msgs/lib/python3.8/site-packages/pioneer_msgs/msg/_auv_state_s.c
[11.788s] -- Up-to-date: /src/ros2_ws/install/pioneer_msgs/lib/python3.8/site-packages/pioneer_msgs/msg/_status.py
[11.788s] -- Up-to-date: /src/ros2_ws/install/pioneer_msgs/lib/python3.8/site-packages/pioneer_msgs/msg/_status_s.c
[11.788s] -- Up-to-date: /src/ros2_ws/install/pioneer_msgs/lib/python3.8/site-packages/pioneer_msgs/msg/_motion_command.py
[11.788s] -- Up-to-date: /src/ros2_ws/install/pioneer_msgs/lib/python3.8/site-packages/pioneer_msgs/msg/_auv_state.py
[11.788s] -- Up-to-date: /src/ros2_ws/install/pioneer_msgs/lib/python3.8/site-packages/pioneer_msgs/_pioneer_msgs_s.ep.rosidl_typesupport_introspection_c.c
[11.788s] -- Up-to-date: /src/ros2_ws/install/pioneer_msgs/lib/python3.8/site-packages/pioneer_msgs/_pioneer_msgs_s.ep.rosidl_typesupport_fastrtps_c.c
[11.789s] -- Installing: /src/ros2_ws/install/pioneer_msgs/lib/python3.8/site-packages/pioneer_msgs/pioneer_msgs_s__rosidl_typesupport_c.cpython-38-aarch64-linux-gnu.so
[11.898s] Listing '/src/ros2_ws/install/pioneer_msgs/lib/python3.8/site-packages/pioneer_msgs'...
[11.899s] Compiling '/src/ros2_ws/install/pioneer_msgs/lib/python3.8/site-packages/pioneer_msgs/__init__.py'...
[11.899s] Listing '/src/ros2_ws/install/pioneer_msgs/lib/python3.8/site-packages/pioneer_msgs/msg'...
[11.899s] Compiling '/src/ros2_ws/install/pioneer_msgs/lib/python3.8/site-packages/pioneer_msgs/msg/__init__.py'...
[11.899s] Compiling '/src/ros2_ws/install/pioneer_msgs/lib/python3.8/site-packages/pioneer_msgs/msg/_auv_state.py'...
[11.899s] Compiling '/src/ros2_ws/install/pioneer_msgs/lib/python3.8/site-packages/pioneer_msgs/msg/_motion_command.py'...
[11.899s] Compiling '/src/ros2_ws/install/pioneer_msgs/lib/python3.8/site-packages/pioneer_msgs/msg/_status.py'...
[11.923s] -- Installing: /src/ros2_ws/install/pioneer_msgs/lib/python3.8/site-packages/pioneer_msgs/pioneer_msgs_s__rosidl_typesupport_fastrtps_c.cpython-38-aarch64-linux-gnu.so
[11.924s] -- Set runtime path of "/src/ros2_ws/install/pioneer_msgs/lib/python3.8/site-packages/pioneer_msgs/pioneer_msgs_s__rosidl_typesupport_fastrtps_c.cpython-38-aarch64-linux-gnu.so" to ""
[11.924s] -- Installing: /src/ros2_ws/install/pioneer_msgs/lib/python3.8/site-packages/pioneer_msgs/pioneer_msgs_s__rosidl_typesupport_introspection_c.cpython-38-aarch64-linux-gnu.so
[11.924s] -- Set runtime path of "/src/ros2_ws/install/pioneer_msgs/lib/python3.8/site-packages/pioneer_msgs/pioneer_msgs_s__rosidl_typesupport_introspection_c.cpython-38-aarch64-linux-gnu.so" to ""
[11.924s] -- Installing: /src/ros2_ws/install/pioneer_msgs/lib/python3.8/site-packages/pioneer_msgs/pioneer_msgs_s__rosidl_typesupport_c.cpython-38-aarch64-linux-gnu.so
[11.925s] -- Set runtime path of "/src/ros2_ws/install/pioneer_msgs/lib/python3.8/site-packages/pioneer_msgs/pioneer_msgs_s__rosidl_typesupport_c.cpython-38-aarch64-linux-gnu.so" to ""
[11.925s] -- Installing: /src/ros2_ws/install/pioneer_msgs/lib/libpioneer_msgs__rosidl_generator_py.so
[11.926s] -- Set runtime path of "/src/ros2_ws/install/pioneer_msgs/lib/libpioneer_msgs__rosidl_generator_py.so" to ""
[11.926s] -- Up-to-date: /src/ros2_ws/install/pioneer_msgs/share/pioneer_msgs/msg/MotionCommand.idl
[11.926s] -- Up-to-date: /src/ros2_ws/install/pioneer_msgs/share/pioneer_msgs/msg/Status.idl
[11.926s] -- Up-to-date: /src/ros2_ws/install/pioneer_msgs/share/pioneer_msgs/msg/AUVState.idl
[11.927s] -- Up-to-date: /src/ros2_ws/install/pioneer_msgs/share/pioneer_msgs/msg/MotionCommand.msg
[11.927s] -- Up-to-date: /src/ros2_ws/install/pioneer_msgs/share/pioneer_msgs/msg/Status.msg
[11.927s] -- Up-to-date: /src/ros2_ws/install/pioneer_msgs/share/pioneer_msgs/msg/AUVState.msg
[11.927s] -- Up-to-date: /src/ros2_ws/install/pioneer_msgs/share/ament_index/resource_index/package_run_dependencies/pioneer_msgs
[11.927s] -- Up-to-date: /src/ros2_ws/install/pioneer_msgs/share/ament_index/resource_index/parent_prefix_path/pioneer_msgs
[11.927s] -- Installing: /src/ros2_ws/install/pioneer_msgs/share/pioneer_msgs/environment/ament_prefix_path.sh
[11.927s] -- Installing: /src/ros2_ws/install/pioneer_msgs/share/pioneer_msgs/environment/ament_prefix_path.dsv
[11.928s] -- Installing: /src/ros2_ws/install/pioneer_msgs/share/pioneer_msgs/environment/path.sh
[11.928s] -- Installing: /src/ros2_ws/install/pioneer_msgs/share/pioneer_msgs/environment/path.dsv
[11.928s] -- Up-to-date: /src/ros2_ws/install/pioneer_msgs/share/pioneer_msgs/local_setup.bash
[11.929s] -- Up-to-date: /src/ros2_ws/install/pioneer_msgs/share/pioneer_msgs/local_setup.sh
[11.929s] -- Up-to-date: /src/ros2_ws/install/pioneer_msgs/share/pioneer_msgs/local_setup.zsh
[11.929s] -- Installing: /src/ros2_ws/install/pioneer_msgs/share/pioneer_msgs/local_setup.dsv
[11.929s] -- Installing: /src/ros2_ws/install/pioneer_msgs/share/pioneer_msgs/package.dsv
[11.930s] -- Up-to-date: /src/ros2_ws/install/pioneer_msgs/share/ament_index/resource_index/packages/pioneer_msgs
[11.930s] -- Up-to-date: /src/ros2_ws/install/pioneer_msgs/share/pioneer_msgs/cmake/export_pioneer_msgs__rosidl_generator_cExport.cmake
[11.930s] -- Up-to-date: /src/ros2_ws/install/pioneer_msgs/share/pioneer_msgs/cmake/export_pioneer_msgs__rosidl_generator_cExport-noconfig.cmake
[11.931s] -- Up-to-date: /src/ros2_ws/install/pioneer_msgs/share/pioneer_msgs/cmake/export_pioneer_msgs__rosidl_typesupport_fastrtps_cExport.cmake
[11.931s] -- Up-to-date: /src/ros2_ws/install/pioneer_msgs/share/pioneer_msgs/cmake/export_pioneer_msgs__rosidl_typesupport_fastrtps_cExport-noconfig.cmake
[11.931s] -- Up-to-date: /src/ros2_ws/install/pioneer_msgs/share/pioneer_msgs/cmake/pioneer_msgs__rosidl_typesupport_introspection_cExport.cmake
[11.931s] -- Up-to-date: /src/ros2_ws/install/pioneer_msgs/share/pioneer_msgs/cmake/pioneer_msgs__rosidl_typesupport_introspection_cExport-noconfig.cmake
[11.931s] -- Up-to-date: /src/ros2_ws/install/pioneer_msgs/share/pioneer_msgs/cmake/pioneer_msgs__rosidl_typesupport_cExport.cmake
[11.932s] -- Up-to-date: /src/ros2_ws/install/pioneer_msgs/share/pioneer_msgs/cmake/pioneer_msgs__rosidl_typesupport_cExport-noconfig.cmake
[11.932s] -- Up-to-date: /src/ros2_ws/install/pioneer_msgs/share/pioneer_msgs/cmake/export_pioneer_msgs__rosidl_generator_cppExport.cmake
[11.932s] -- Up-to-date: /src/ros2_ws/install/pioneer_msgs/share/pioneer_msgs/cmake/export_pioneer_msgs__rosidl_typesupport_fastrtps_cppExport.cmake
[11.932s] -- Up-to-date: /src/ros2_ws/install/pioneer_msgs/share/pioneer_msgs/cmake/export_pioneer_msgs__rosidl_typesupport_fastrtps_cppExport-noconfig.cmake
[11.933s] -- Up-to-date: /src/ros2_ws/install/pioneer_msgs/share/pioneer_msgs/cmake/pioneer_msgs__rosidl_typesupport_introspection_cppExport.cmake
[11.933s] -- Up-to-date: /src/ros2_ws/install/pioneer_msgs/share/pioneer_msgs/cmake/pioneer_msgs__rosidl_typesupport_introspection_cppExport-noconfig.cmake
[11.933s] -- Up-to-date: /src/ros2_ws/install/pioneer_msgs/share/pioneer_msgs/cmake/pioneer_msgs__rosidl_typesupport_cppExport.cmake
[11.933s] -- Up-to-date: /src/ros2_ws/install/pioneer_msgs/share/pioneer_msgs/cmake/pioneer_msgs__rosidl_typesupport_cppExport-noconfig.cmake
[11.933s] -- Up-to-date: /src/ros2_ws/install/pioneer_msgs/share/pioneer_msgs/cmake/export_pioneer_msgs__rosidl_generator_pyExport.cmake
[11.933s] -- Up-to-date: /src/ros2_ws/install/pioneer_msgs/share/pioneer_msgs/cmake/export_pioneer_msgs__rosidl_generator_pyExport-noconfig.cmake
[11.933s] -- Up-to-date: /src/ros2_ws/install/pioneer_msgs/share/pioneer_msgs/cmake/rosidl_cmake-extras.cmake
[11.934s] -- Up-to-date: /src/ros2_ws/install/pioneer_msgs/share/pioneer_msgs/cmake/ament_cmake_export_dependencies-extras.cmake
[11.934s] -- Up-to-date: /src/ros2_ws/install/pioneer_msgs/share/pioneer_msgs/cmake/ament_cmake_export_include_directories-extras.cmake
[11.934s] -- Up-to-date: /src/ros2_ws/install/pioneer_msgs/share/pioneer_msgs/cmake/ament_cmake_export_libraries-extras.cmake
[11.934s] -- Up-to-date: /src/ros2_ws/install/pioneer_msgs/share/pioneer_msgs/cmake/ament_cmake_export_targets-extras.cmake
[11.934s] -- Up-to-date: /src/ros2_ws/install/pioneer_msgs/share/pioneer_msgs/cmake/rosidl_cmake_export_typesupport_targets-extras.cmake
[11.934s] -- Up-to-date: /src/ros2_ws/install/pioneer_msgs/share/pioneer_msgs/cmake/rosidl_cmake_export_typesupport_libraries-extras.cmake
[11.934s] -- Up-to-date: /src/ros2_ws/install/pioneer_msgs/share/pioneer_msgs/cmake/pioneer_msgsConfig.cmake
[11.934s] -- Up-to-date: /src/ros2_ws/install/pioneer_msgs/share/pioneer_msgs/cmake/pioneer_msgsConfig-version.cmake
[11.935s] -- Up-to-date: /src/ros2_ws/install/pioneer_msgs/share/pioneer_msgs/package.xml
[11.940s] Invoked command in '/src/ros2_ws/build/pioneer_msgs' returned '0': CMAKE_PREFIX_PATH=${CMAKE_PREFIX_PATH}:/src/ros2_ws/install/pixpubsub:/src/ros2_ws/install/imu_publisher:/opt/ros/humble /usr/bin/cmake --install /src/ros2_ws/build/pioneer_msgs
