running egg_info
writing ../../build/pixpubsub/pixpubsub.egg-info/PKG-INFO
writing dependency_links to ../../build/pixpubsub/pixpubsub.egg-info/dependency_links.txt
writing entry points to ../../build/pixpubsub/pixpubsub.egg-info/entry_points.txt
writing requirements to ../../build/pixpubsub/pixpubsub.egg-info/requires.txt
writing top-level names to ../../build/pixpubsub/pixpubsub.egg-info/top_level.txt
reading manifest file '../../build/pixpubsub/pixpubsub.egg-info/SOURCES.txt'
writing manifest file '../../build/pixpubsub/pixpubsub.egg-info/SOURCES.txt'
running build
running build_py
copying pixpubsub/pressure_sensor_subscriber.py -> /src/ros2_ws/build/pixpubsub/build/lib/pixpubsub
running install
running install_lib
copying /src/ros2_ws/build/pixpubsub/build/lib/pixpubsub/pressure_sensor_subscriber.py -> /src/ros2_ws/install/pixpubsub/lib/python3.8/site-packages/pixpubsub
byte-compiling /src/ros2_ws/install/pixpubsub/lib/python3.8/site-packages/pixpubsub/testing_node.py to testing_node.cpython-38.pyc
byte-compiling /src/ros2_ws/install/pixpubsub/lib/python3.8/site-packages/pixpubsub/pressure_sensor_subscriber.py to pressure_sensor_subscriber.cpython-38.pyc
running install_data
running install_egg_info
removing '/src/ros2_ws/install/pixpubsub/lib/python3.8/site-packages/pixpubsub-0.0.0-py3.8.egg-info' (and everything under it)
Copying ../../build/pixpubsub/pixpubsub.egg-info to /src/ros2_ws/install/pixpubsub/lib/python3.8/site-packages/pixpubsub-0.0.0-py3.8.egg-info
running install_scripts
Installing Depth_node script to /src/ros2_ws/install/pixpubsub/lib/pixpubsub
Installing pixhawk_worker script to /src/ros2_ws/install/pixpubsub/lib/pixpubsub
Installing testing_node script to /src/ros2_ws/install/pixpubsub/lib/pixpubsub
writing list of installed files to '/src/ros2_ws/build/pixpubsub/install.log'
