[6.018s] Invoking command in '/src/ros2_ws/src/imu_publisher': PYTHONPATH=/src/ros2_ws/build/imu_publisher/prefix_override:/src/ros2_ws/install/imu_publisher/lib/python3.8/site-packages:${PYTHONPATH} /usr/bin/python3 setup.py egg_info --egg-base ../../build/imu_publisher build --build-base /src/ros2_ws/build/imu_publisher/build install --record /src/ros2_ws/build/imu_publisher/install.log --single-version-externally-managed
[7.418s] running egg_info
[7.459s] writing ../../build/imu_publisher/imu_publisher.egg-info/PKG-INFO
[7.462s] writing dependency_links to ../../build/imu_publisher/imu_publisher.egg-info/dependency_links.txt
[7.464s] writing entry points to ../../build/imu_publisher/imu_publisher.egg-info/entry_points.txt
[7.466s] writing requirements to ../../build/imu_publisher/imu_publisher.egg-info/requires.txt
[7.468s] writing top-level names to ../../build/imu_publisher/imu_publisher.egg-info/top_level.txt
[7.555s] reading manifest file '../../build/imu_publisher/imu_publisher.egg-info/SOURCES.txt'
[7.559s] writing manifest file '../../build/imu_publisher/imu_publisher.egg-info/SOURCES.txt'
[7.561s] running build
[7.562s] running build_py
[7.563s] copying imu_publisher/publisher.py -> /src/ros2_ws/build/imu_publisher/build/lib/imu_publisher
[7.565s] copying imu_publisher/__init__.py -> /src/ros2_ws/build/imu_publisher/build/lib/imu_publisher
[7.566s] running install
[7.581s] running install_lib
[7.633s] running install_data
[7.678s] running install_egg_info
[7.744s] removing '/src/ros2_ws/install/imu_publisher/lib/python3.8/site-packages/imu_publisher-0.0.0-py3.8.egg-info' (and everything under it)
[7.746s] Copying ../../build/imu_publisher/imu_publisher.egg-info to /src/ros2_ws/install/imu_publisher/lib/python3.8/site-packages/imu_publisher-0.0.0-py3.8.egg-info
[7.751s] running install_scripts
[8.076s] Installing publisher script to /src/ros2_ws/install/imu_publisher/lib/imu_publisher
[8.079s] writing list of installed files to '/src/ros2_ws/build/imu_publisher/install.log'
[8.431s] Invoked command in '/src/ros2_ws/src/imu_publisher' returned '0': PYTHONPATH=/src/ros2_ws/build/imu_publisher/prefix_override:/src/ros2_ws/install/imu_publisher/lib/python3.8/site-packages:${PYTHONPATH} /usr/bin/python3 setup.py egg_info --egg-base ../../build/imu_publisher build --build-base /src/ros2_ws/build/imu_publisher/build install --record /src/ros2_ws/build/imu_publisher/install.log --single-version-externally-managed
